<?xml version="1.0" encoding="UTF-8"?>
<testsuite name="com.ilcarro.qa.tests.CreateAccountTests" tests="1" skipped="0" failures="0" errors="0" timestamp="2021-04-06T01:28:24" hostname="DESKTOP-MCMGSK5" time="3.525">
  <properties/>
  <testcase name="testSignUp" classname="com.ilcarro.qa.tests.CreateAccountTests" time="3.525"/>
  <system-out><![CDATA[21:28:24 [Test worker] INFO  com.ilcarro.qa.tests.TestBase - Start test testSignUp with data: []
21:28:24 [Test worker] INFO  c.i.q.f.ApplicationManager$MyListener - Start search By.cssSelector: [href='/signup']...
21:28:24 [Test worker] INFO  c.i.q.f.ApplicationManager$MyListener - By.cssSelector: [href='/signup']found.
21:28:24 [Test worker] INFO  c.i.q.f.ApplicationManager$MyListener - Start search By.cssSelector: [href='/signup']...
21:28:24 [Test worker] INFO  c.i.q.f.ApplicationManager$MyListener - By.cssSelector: [href='/signup']found.
21:28:24 [Test worker] INFO  c.i.q.f.ApplicationManager$MyListener - Start search By.cssSelector: #first_name...
21:28:24 [Test worker] INFO  c.i.q.f.ApplicationManager$MyListener - By.cssSelector: #first_namefound.
21:28:25 [Test worker] INFO  c.i.q.f.ApplicationManager$MyListener - Start search By.cssSelector: #first_name...
21:28:25 [Test worker] INFO  c.i.q.f.ApplicationManager$MyListener - By.cssSelector: #first_namefound.
21:28:25 [Test worker] INFO  c.i.q.f.ApplicationManager$MyListener - Start search By.cssSelector: #first_name...
21:28:25 [Test worker] INFO  c.i.q.f.ApplicationManager$MyListener - By.cssSelector: #first_namefound.
21:28:25 [Test worker] INFO  c.i.q.f.ApplicationManager$MyListener - Start search By.cssSelector: #second_name...
21:28:25 [Test worker] INFO  c.i.q.f.ApplicationManager$MyListener - By.cssSelector: #second_namefound.
21:28:25 [Test worker] INFO  c.i.q.f.ApplicationManager$MyListener - Start search By.cssSelector: #second_name...
21:28:25 [Test worker] INFO  c.i.q.f.ApplicationManager$MyListener - By.cssSelector: #second_namefound.
21:28:25 [Test worker] INFO  c.i.q.f.ApplicationManager$MyListener - Start search By.cssSelector: #second_name...
21:28:25 [Test worker] INFO  c.i.q.f.ApplicationManager$MyListener - By.cssSelector: #second_namefound.
21:28:25 [Test worker] INFO  c.i.q.f.ApplicationManager$MyListener - Start search By.cssSelector: #email...
21:28:25 [Test worker] INFO  c.i.q.f.ApplicationManager$MyListener - By.cssSelector: #emailfound.
21:28:25 [Test worker] INFO  c.i.q.f.ApplicationManager$MyListener - Start search By.cssSelector: #email...
21:28:25 [Test worker] INFO  c.i.q.f.ApplicationManager$MyListener - By.cssSelector: #emailfound.
21:28:25 [Test worker] INFO  c.i.q.f.ApplicationManager$MyListener - Start search By.cssSelector: #email...
21:28:25 [Test worker] INFO  c.i.q.f.ApplicationManager$MyListener - By.cssSelector: #emailfound.
21:28:25 [Test worker] INFO  c.i.q.f.ApplicationManager$MyListener - Start search By.cssSelector: #password...
21:28:25 [Test worker] INFO  c.i.q.f.ApplicationManager$MyListener - By.cssSelector: #passwordfound.
21:28:25 [Test worker] INFO  c.i.q.f.ApplicationManager$MyListener - Start search By.cssSelector: #password...
21:28:25 [Test worker] INFO  c.i.q.f.ApplicationManager$MyListener - By.cssSelector: #passwordfound.
21:28:25 [Test worker] INFO  c.i.q.f.ApplicationManager$MyListener - Start search By.cssSelector: #password...
21:28:25 [Test worker] INFO  c.i.q.f.ApplicationManager$MyListener - By.cssSelector: #passwordfound.
21:28:26 [Test worker] INFO  c.i.q.f.ApplicationManager$MyListener - Start search By.cssSelector: #check_policy...
21:28:26 [Test worker] INFO  c.i.q.f.ApplicationManager$MyListener - By.cssSelector: #check_policyfound.
21:28:28 [Test worker] INFO  c.i.q.f.ApplicationManager$MyListener - Start search By.cssSelector: [type='submit']...
21:28:28 [Test worker] INFO  c.i.q.f.ApplicationManager$MyListener - By.cssSelector: [type='submit']found.
21:28:28 [Test worker] INFO  c.i.q.f.ApplicationManager$MyListener - Start search By.cssSelector: .Login_login__right_block__1niYm...
21:28:28 [Test worker] INFO  c.i.q.f.ApplicationManager$MyListener - By.cssSelector: .Login_login__right_block__1niYmfound.
21:28:28 [Test worker] INFO  c.i.q.f.ApplicationManager$MyListener - Start search By.cssSelector: .Login_login__right_block__1niYm...
21:28:28 [Test worker] INFO  c.i.q.f.ApplicationManager$MyListener - By.cssSelector: .Login_login__right_block__1niYmfound.
21:28:28 [Test worker] INFO  com.ilcarro.qa.tests.TestBase - true
21:28:28 [Test worker] INFO  com.ilcarro.qa.tests.TestBase - PASSED: Test method testSignUp
21:28:28 [Test worker] INFO  com.ilcarro.qa.tests.TestBase - Stop test 
21:28:28 [Test worker] INFO  com.ilcarro.qa.tests.TestBase - ======================================================================
]]></system-out>
  <system-err><![CDATA[]]></system-err>
</testsuite>
