<?xml version="1.0" encoding="UTF-8"?>
<testsuite name="com.ilcarro.qa.tests.AddCarTests" tests="4" skipped="0" failures="0" errors="0" timestamp="2021-04-06T01:28:33" hostname="DESKTOP-MCMGSK5" time="32.377">
  <properties/>
  <testcase name="testFormLetTheCarWork" classname="com.ilcarro.qa.tests.AddCarTests" time="9.128"/>
  <testcase name="testFormLetTheCarWorkFromDataProvider[0](Car{serialNumber='876-99-311', brand='Skoda', model='Fabia', year='2000', price='500'})" classname="com.ilcarro.qa.tests.AddCarTests" time="7.5"/>
  <testcase name="testFormLetTheCarWorkFromDataProvider[1](Car{serialNumber='876-99-312', brand='Vaz', model='2109', year='1999', price='1000'})" classname="com.ilcarro.qa.tests.AddCarTests" time="7.687"/>
  <testcase name="testFormLetTheCarWorkFromDataProvider[2](Car{serialNumber='876-99-313', brand='Opel', model='hh', year='2020', price='28'})" classname="com.ilcarro.qa.tests.AddCarTests" time="8.044"/>
  <system-out><![CDATA[21:28:33 [Test worker] INFO  c.i.q.f.ApplicationManager$MyListener - Start search By.xpath: //a[contains(., 'logOut')]...
21:28:33 [Test worker] INFO  c.i.q.f.ApplicationManager$MyListener - By.xpath: //a[contains(., 'logOut')]found.
21:28:33 [Test worker] INFO  com.ilcarro.qa.tests.TestBase - Start test testFormLetTheCarWork with data: []
21:28:33 [Test worker] INFO  c.i.q.f.ApplicationManager$MyListener - Start search By.cssSelector: .header__nav [href='/car']...
21:28:33 [Test worker] INFO  c.i.q.f.ApplicationManager$MyListener - By.cssSelector: .header__nav [href='/car']found.
21:28:33 [Test worker] INFO  c.i.q.f.ApplicationManager$MyListener - Start search By.cssSelector: .country...
21:28:33 [Test worker] INFO  c.i.q.f.ApplicationManager$MyListener - By.cssSelector: .countryfound.
21:28:33 [Test worker] INFO  c.i.q.f.ApplicationManager$MyListener - Start search By.cssSelector: .country...
21:28:33 [Test worker] INFO  c.i.q.f.ApplicationManager$MyListener - By.cssSelector: .countryfound.
21:28:33 [Test worker] INFO  c.i.q.f.ApplicationManager$MyListener - Start search By.cssSelector: .country...
21:28:33 [Test worker] INFO  c.i.q.f.ApplicationManager$MyListener - By.cssSelector: .countryfound.
21:28:33 [Test worker] INFO  c.i.q.f.ApplicationManager$MyListener - Start search By.cssSelector: .address...
21:28:33 [Test worker] INFO  c.i.q.f.ApplicationManager$MyListener - By.cssSelector: .addressfound.
21:28:33 [Test worker] INFO  c.i.q.f.ApplicationManager$MyListener - Start search By.cssSelector: .address...
21:28:33 [Test worker] INFO  c.i.q.f.ApplicationManager$MyListener - By.cssSelector: .addressfound.
21:28:33 [Test worker] INFO  c.i.q.f.ApplicationManager$MyListener - Start search By.cssSelector: .address...
21:28:33 [Test worker] INFO  c.i.q.f.ApplicationManager$MyListener - By.cssSelector: .addressfound.
21:28:33 [Test worker] INFO  c.i.q.f.ApplicationManager$MyListener - Start search By.cssSelector: .distance_included...
21:28:33 [Test worker] INFO  c.i.q.f.ApplicationManager$MyListener - By.cssSelector: .distance_includedfound.
21:28:34 [Test worker] INFO  c.i.q.f.ApplicationManager$MyListener - Start search By.cssSelector: .distance_included...
21:28:34 [Test worker] INFO  c.i.q.f.ApplicationManager$MyListener - By.cssSelector: .distance_includedfound.
21:28:34 [Test worker] INFO  c.i.q.f.ApplicationManager$MyListener - Start search By.cssSelector: .distance_included...
21:28:34 [Test worker] INFO  c.i.q.f.ApplicationManager$MyListener - By.cssSelector: .distance_includedfound.
21:28:34 [Test worker] INFO  c.i.q.f.ApplicationManager$MyListener - Start search By.cssSelector: .serial_number...
21:28:34 [Test worker] INFO  c.i.q.f.ApplicationManager$MyListener - By.cssSelector: .serial_numberfound.
21:28:34 [Test worker] INFO  c.i.q.f.ApplicationManager$MyListener - Start search By.cssSelector: .serial_number...
21:28:34 [Test worker] INFO  c.i.q.f.ApplicationManager$MyListener - By.cssSelector: .serial_numberfound.
21:28:34 [Test worker] INFO  c.i.q.f.ApplicationManager$MyListener - Start search By.cssSelector: .serial_number...
21:28:34 [Test worker] INFO  c.i.q.f.ApplicationManager$MyListener - By.cssSelector: .serial_numberfound.
21:28:34 [Test worker] INFO  c.i.q.f.ApplicationManager$MyListener - Start search By.cssSelector: .brand...
21:28:34 [Test worker] INFO  c.i.q.f.ApplicationManager$MyListener - By.cssSelector: .brandfound.
21:28:34 [Test worker] INFO  c.i.q.f.ApplicationManager$MyListener - Start search By.cssSelector: .brand...
21:28:34 [Test worker] INFO  c.i.q.f.ApplicationManager$MyListener - By.cssSelector: .brandfound.
21:28:34 [Test worker] INFO  c.i.q.f.ApplicationManager$MyListener - Start search By.cssSelector: .brand...
21:28:35 [Test worker] INFO  c.i.q.f.ApplicationManager$MyListener - By.cssSelector: .brandfound.
21:28:35 [Test worker] INFO  c.i.q.f.ApplicationManager$MyListener - Start search By.cssSelector: .model...
21:28:35 [Test worker] INFO  c.i.q.f.ApplicationManager$MyListener - By.cssSelector: .modelfound.
21:28:35 [Test worker] INFO  c.i.q.f.ApplicationManager$MyListener - Start search By.cssSelector: .model...
21:28:35 [Test worker] INFO  c.i.q.f.ApplicationManager$MyListener - By.cssSelector: .modelfound.
21:28:35 [Test worker] INFO  c.i.q.f.ApplicationManager$MyListener - Start search By.cssSelector: .model...
21:28:35 [Test worker] INFO  c.i.q.f.ApplicationManager$MyListener - By.cssSelector: .modelfound.
21:28:35 [Test worker] INFO  c.i.q.f.ApplicationManager$MyListener - Start search By.cssSelector: .year...
21:28:35 [Test worker] INFO  c.i.q.f.ApplicationManager$MyListener - By.cssSelector: .yearfound.
21:28:35 [Test worker] INFO  c.i.q.f.ApplicationManager$MyListener - Start search By.cssSelector: .year...
21:28:35 [Test worker] INFO  c.i.q.f.ApplicationManager$MyListener - By.cssSelector: .yearfound.
21:28:35 [Test worker] INFO  c.i.q.f.ApplicationManager$MyListener - Start search By.cssSelector: .year...
21:28:35 [Test worker] INFO  c.i.q.f.ApplicationManager$MyListener - By.cssSelector: .yearfound.
21:28:35 [Test worker] INFO  c.i.q.f.ApplicationManager$MyListener - Start search By.cssSelector: .engine...
21:28:35 [Test worker] INFO  c.i.q.f.ApplicationManager$MyListener - By.cssSelector: .enginefound.
21:28:35 [Test worker] INFO  c.i.q.f.ApplicationManager$MyListener - Start search By.cssSelector: .engine...
21:28:35 [Test worker] INFO  c.i.q.f.ApplicationManager$MyListener - By.cssSelector: .enginefound.
21:28:36 [Test worker] INFO  c.i.q.f.ApplicationManager$MyListener - Start search By.cssSelector: .engine...
21:28:36 [Test worker] INFO  c.i.q.f.ApplicationManager$MyListener - By.cssSelector: .enginefound.
21:28:36 [Test worker] INFO  c.i.q.f.ApplicationManager$MyListener - Start search By.cssSelector: .fuel_consumption...
21:28:36 [Test worker] INFO  c.i.q.f.ApplicationManager$MyListener - By.cssSelector: .fuel_consumptionfound.
21:28:36 [Test worker] INFO  c.i.q.f.ApplicationManager$MyListener - Start search By.cssSelector: .fuel_consumption...
21:28:36 [Test worker] INFO  c.i.q.f.ApplicationManager$MyListener - By.cssSelector: .fuel_consumptionfound.
21:28:36 [Test worker] INFO  c.i.q.f.ApplicationManager$MyListener - Start search By.cssSelector: .fuel_consumption...
21:28:36 [Test worker] INFO  c.i.q.f.ApplicationManager$MyListener - By.cssSelector: .fuel_consumptionfound.
21:28:36 [Test worker] INFO  c.i.q.f.ApplicationManager$MyListener - Start search By.cssSelector: .fuel...
21:28:36 [Test worker] INFO  c.i.q.f.ApplicationManager$MyListener - By.cssSelector: .fuelfound.
21:28:36 [Test worker] INFO  c.i.q.f.ApplicationManager$MyListener - Start search By.cssSelector: .fuel...
21:28:36 [Test worker] INFO  c.i.q.f.ApplicationManager$MyListener - By.cssSelector: .fuelfound.
21:28:36 [Test worker] INFO  c.i.q.f.ApplicationManager$MyListener - Start search By.cssSelector: .fuel...
21:28:36 [Test worker] INFO  c.i.q.f.ApplicationManager$MyListener - By.cssSelector: .fuelfound.
21:28:36 [Test worker] INFO  c.i.q.f.ApplicationManager$MyListener - Start search By.cssSelector: .transmition...
21:28:36 [Test worker] INFO  c.i.q.f.ApplicationManager$MyListener - By.cssSelector: .transmitionfound.
21:28:36 [Test worker] INFO  c.i.q.f.ApplicationManager$MyListener - Start search By.cssSelector: .transmition...
21:28:36 [Test worker] INFO  c.i.q.f.ApplicationManager$MyListener - By.cssSelector: .transmitionfound.
21:28:37 [Test worker] INFO  c.i.q.f.ApplicationManager$MyListener - Start search By.cssSelector: .transmition...
21:28:37 [Test worker] INFO  c.i.q.f.ApplicationManager$MyListener - By.cssSelector: .transmitionfound.
21:28:37 [Test worker] INFO  c.i.q.f.ApplicationManager$MyListener - Start search By.cssSelector: .wd...
21:28:37 [Test worker] INFO  c.i.q.f.ApplicationManager$MyListener - By.cssSelector: .wdfound.
21:28:37 [Test worker] INFO  c.i.q.f.ApplicationManager$MyListener - Start search By.cssSelector: .wd...
21:28:37 [Test worker] INFO  c.i.q.f.ApplicationManager$MyListener - By.cssSelector: .wdfound.
21:28:37 [Test worker] INFO  c.i.q.f.ApplicationManager$MyListener - Start search By.cssSelector: .wd...
21:28:37 [Test worker] INFO  c.i.q.f.ApplicationManager$MyListener - By.cssSelector: .wdfound.
21:28:37 [Test worker] INFO  c.i.q.f.ApplicationManager$MyListener - Start search By.cssSelector: .horsepower...
21:28:37 [Test worker] INFO  c.i.q.f.ApplicationManager$MyListener - By.cssSelector: .horsepowerfound.
21:28:37 [Test worker] INFO  c.i.q.f.ApplicationManager$MyListener - Start search By.cssSelector: .horsepower...
21:28:37 [Test worker] INFO  c.i.q.f.ApplicationManager$MyListener - By.cssSelector: .horsepowerfound.
21:28:37 [Test worker] INFO  c.i.q.f.ApplicationManager$MyListener - Start search By.cssSelector: .horsepower...
21:28:37 [Test worker] INFO  c.i.q.f.ApplicationManager$MyListener - By.cssSelector: .horsepowerfound.
21:28:37 [Test worker] INFO  c.i.q.f.ApplicationManager$MyListener - Start search By.cssSelector: .torque...
21:28:37 [Test worker] INFO  c.i.q.f.ApplicationManager$MyListener - By.cssSelector: .torquefound.
21:28:37 [Test worker] INFO  c.i.q.f.ApplicationManager$MyListener - Start search By.cssSelector: .torque...
21:28:37 [Test worker] INFO  c.i.q.f.ApplicationManager$MyListener - By.cssSelector: .torquefound.
21:28:38 [Test worker] INFO  c.i.q.f.ApplicationManager$MyListener - Start search By.cssSelector: .torque...
21:28:38 [Test worker] INFO  c.i.q.f.ApplicationManager$MyListener - By.cssSelector: .torquefound.
21:28:38 [Test worker] INFO  c.i.q.f.ApplicationManager$MyListener - Start search By.cssSelector: .doors...
21:28:38 [Test worker] INFO  c.i.q.f.ApplicationManager$MyListener - By.cssSelector: .doorsfound.
21:28:38 [Test worker] INFO  c.i.q.f.ApplicationManager$MyListener - Start search By.cssSelector: .doors...
21:28:38 [Test worker] INFO  c.i.q.f.ApplicationManager$MyListener - By.cssSelector: .doorsfound.
21:28:38 [Test worker] INFO  c.i.q.f.ApplicationManager$MyListener - Start search By.cssSelector: .doors...
21:28:38 [Test worker] INFO  c.i.q.f.ApplicationManager$MyListener - By.cssSelector: .doorsfound.
21:28:38 [Test worker] INFO  c.i.q.f.ApplicationManager$MyListener - Start search By.cssSelector: .seats...
21:28:38 [Test worker] INFO  c.i.q.f.ApplicationManager$MyListener - By.cssSelector: .seatsfound.
21:28:38 [Test worker] INFO  c.i.q.f.ApplicationManager$MyListener - Start search By.cssSelector: .seats...
21:28:38 [Test worker] INFO  c.i.q.f.ApplicationManager$MyListener - By.cssSelector: .seatsfound.
21:28:38 [Test worker] INFO  c.i.q.f.ApplicationManager$MyListener - Start search By.cssSelector: .seats...
21:28:38 [Test worker] INFO  c.i.q.f.ApplicationManager$MyListener - By.cssSelector: .seatsfound.
21:28:38 [Test worker] INFO  c.i.q.f.ApplicationManager$MyListener - Start search By.cssSelector: .class...
21:28:38 [Test worker] INFO  c.i.q.f.ApplicationManager$MyListener - By.cssSelector: .classfound.
21:28:38 [Test worker] INFO  c.i.q.f.ApplicationManager$MyListener - Start search By.cssSelector: .class...
21:28:38 [Test worker] INFO  c.i.q.f.ApplicationManager$MyListener - By.cssSelector: .classfound.
21:28:38 [Test worker] INFO  c.i.q.f.ApplicationManager$MyListener - Start search By.cssSelector: .class...
21:28:38 [Test worker] INFO  c.i.q.f.ApplicationManager$MyListener - By.cssSelector: .classfound.
21:28:38 [Test worker] INFO  c.i.q.f.ApplicationManager$MyListener - Start search By.name: about...
21:28:38 [Test worker] INFO  c.i.q.f.ApplicationManager$MyListener - By.name: aboutfound.
21:28:38 [Test worker] INFO  c.i.q.f.ApplicationManager$MyListener - Start search By.name: about...
21:28:39 [Test worker] INFO  c.i.q.f.ApplicationManager$MyListener - By.name: aboutfound.
21:28:39 [Test worker] INFO  c.i.q.f.ApplicationManager$MyListener - Start search By.name: about...
21:28:39 [Test worker] INFO  c.i.q.f.ApplicationManager$MyListener - By.name: aboutfound.
21:28:39 [Test worker] INFO  c.i.q.f.ApplicationManager$MyListener - Start search By.cssSelector: .type_feature...
21:28:39 [Test worker] INFO  c.i.q.f.ApplicationManager$MyListener - By.cssSelector: .type_featurefound.
21:28:39 [Test worker] INFO  c.i.q.f.ApplicationManager$MyListener - Start search By.cssSelector: .type_feature...
21:28:39 [Test worker] INFO  c.i.q.f.ApplicationManager$MyListener - By.cssSelector: .type_featurefound.
21:28:39 [Test worker] INFO  c.i.q.f.ApplicationManager$MyListener - Start search By.cssSelector: .type_feature...
21:28:39 [Test worker] INFO  c.i.q.f.ApplicationManager$MyListener - By.cssSelector: .type_featurefound.
21:28:39 [Test worker] INFO  c.i.q.f.ApplicationManager$MyListener - Start search By.cssSelector: .price...
21:28:39 [Test worker] INFO  c.i.q.f.ApplicationManager$MyListener - By.cssSelector: .pricefound.
21:28:39 [Test worker] INFO  c.i.q.f.ApplicationManager$MyListener - Start search By.cssSelector: .price...
21:28:39 [Test worker] INFO  c.i.q.f.ApplicationManager$MyListener - By.cssSelector: .pricefound.
21:28:40 [Test worker] INFO  c.i.q.f.ApplicationManager$MyListener - Start search By.cssSelector: .price...
21:28:40 [Test worker] INFO  c.i.q.f.ApplicationManager$MyListener - By.cssSelector: .pricefound.
21:28:42 [Test worker] INFO  c.i.q.f.ApplicationManager$MyListener - Start search By.cssSelector: [type='submit']...
21:28:42 [Test worker] INFO  c.i.q.f.ApplicationManager$MyListener - By.cssSelector: [type='submit']found.
21:28:42 [Test worker] INFO  com.ilcarro.qa.tests.TestBase - PASSED: Test method testFormLetTheCarWork
21:28:42 [Test worker] INFO  com.ilcarro.qa.tests.TestBase - Stop test 
21:28:42 [Test worker] INFO  com.ilcarro.qa.tests.TestBase - ======================================================================
21:28:42 [Test worker] INFO  com.ilcarro.qa.tests.TestBase - Start test testFormLetTheCarWorkFromDataProvider with data: [Car{serialNumber='876-99-311', brand='Skoda', model='Fabia', year='2000', price='500'}]
21:28:42 [Test worker] INFO  c.i.q.f.ApplicationManager$MyListener - Start search By.cssSelector: .header__nav [href='/car']...
21:28:42 [Test worker] INFO  c.i.q.f.ApplicationManager$MyListener - By.cssSelector: .header__nav [href='/car']found.
21:28:42 [Test worker] INFO  c.i.q.f.ApplicationManager$MyListener - Start search By.cssSelector: .country...
21:28:42 [Test worker] INFO  c.i.q.f.ApplicationManager$MyListener - By.cssSelector: .countryfound.
21:28:42 [Test worker] INFO  c.i.q.f.ApplicationManager$MyListener - Start search By.cssSelector: .country...
21:28:42 [Test worker] INFO  c.i.q.f.ApplicationManager$MyListener - By.cssSelector: .countryfound.
21:28:42 [Test worker] INFO  c.i.q.f.ApplicationManager$MyListener - Start search By.cssSelector: .country...
21:28:42 [Test worker] INFO  c.i.q.f.ApplicationManager$MyListener - By.cssSelector: .countryfound.
21:28:42 [Test worker] INFO  c.i.q.f.ApplicationManager$MyListener - Start search By.cssSelector: .address...
21:28:42 [Test worker] INFO  c.i.q.f.ApplicationManager$MyListener - By.cssSelector: .addressfound.
21:28:42 [Test worker] INFO  c.i.q.f.ApplicationManager$MyListener - Start search By.cssSelector: .address...
21:28:42 [Test worker] INFO  c.i.q.f.ApplicationManager$MyListener - By.cssSelector: .addressfound.
21:28:42 [Test worker] INFO  c.i.q.f.ApplicationManager$MyListener - Start search By.cssSelector: .address...
21:28:42 [Test worker] INFO  c.i.q.f.ApplicationManager$MyListener - By.cssSelector: .addressfound.
21:28:43 [Test worker] INFO  c.i.q.f.ApplicationManager$MyListener - Start search By.cssSelector: .distance_included...
21:28:43 [Test worker] INFO  c.i.q.f.ApplicationManager$MyListener - By.cssSelector: .distance_includedfound.
21:28:43 [Test worker] INFO  c.i.q.f.ApplicationManager$MyListener - Start search By.cssSelector: .distance_included...
21:28:43 [Test worker] INFO  c.i.q.f.ApplicationManager$MyListener - By.cssSelector: .distance_includedfound.
21:28:43 [Test worker] INFO  c.i.q.f.ApplicationManager$MyListener - Start search By.cssSelector: .distance_included...
21:28:43 [Test worker] INFO  c.i.q.f.ApplicationManager$MyListener - By.cssSelector: .distance_includedfound.
21:28:43 [Test worker] INFO  c.i.q.f.ApplicationManager$MyListener - Start search By.cssSelector: .serial_number...
21:28:43 [Test worker] INFO  c.i.q.f.ApplicationManager$MyListener - By.cssSelector: .serial_numberfound.
21:28:43 [Test worker] INFO  c.i.q.f.ApplicationManager$MyListener - Start search By.cssSelector: .serial_number...
21:28:43 [Test worker] INFO  c.i.q.f.ApplicationManager$MyListener - By.cssSelector: .serial_numberfound.
21:28:43 [Test worker] INFO  c.i.q.f.ApplicationManager$MyListener - Start search By.cssSelector: .serial_number...
21:28:43 [Test worker] INFO  c.i.q.f.ApplicationManager$MyListener - By.cssSelector: .serial_numberfound.
21:28:43 [Test worker] INFO  c.i.q.f.ApplicationManager$MyListener - Start search By.cssSelector: .brand...
21:28:43 [Test worker] INFO  c.i.q.f.ApplicationManager$MyListener - By.cssSelector: .brandfound.
21:28:43 [Test worker] INFO  c.i.q.f.ApplicationManager$MyListener - Start search By.cssSelector: .brand...
21:28:43 [Test worker] INFO  c.i.q.f.ApplicationManager$MyListener - By.cssSelector: .brandfound.
21:28:43 [Test worker] INFO  c.i.q.f.ApplicationManager$MyListener - Start search By.cssSelector: .brand...
21:28:43 [Test worker] INFO  c.i.q.f.ApplicationManager$MyListener - By.cssSelector: .brandfound.
21:28:44 [Test worker] INFO  c.i.q.f.ApplicationManager$MyListener - Start search By.cssSelector: .model...
21:28:44 [Test worker] INFO  c.i.q.f.ApplicationManager$MyListener - By.cssSelector: .modelfound.
21:28:44 [Test worker] INFO  c.i.q.f.ApplicationManager$MyListener - Start search By.cssSelector: .model...
21:28:44 [Test worker] INFO  c.i.q.f.ApplicationManager$MyListener - By.cssSelector: .modelfound.
21:28:44 [Test worker] INFO  c.i.q.f.ApplicationManager$MyListener - Start search By.cssSelector: .model...
21:28:44 [Test worker] INFO  c.i.q.f.ApplicationManager$MyListener - By.cssSelector: .modelfound.
21:28:44 [Test worker] INFO  c.i.q.f.ApplicationManager$MyListener - Start search By.cssSelector: .year...
21:28:44 [Test worker] INFO  c.i.q.f.ApplicationManager$MyListener - By.cssSelector: .yearfound.
21:28:44 [Test worker] INFO  c.i.q.f.ApplicationManager$MyListener - Start search By.cssSelector: .year...
21:28:44 [Test worker] INFO  c.i.q.f.ApplicationManager$MyListener - By.cssSelector: .yearfound.
21:28:44 [Test worker] INFO  c.i.q.f.ApplicationManager$MyListener - Start search By.cssSelector: .year...
21:28:44 [Test worker] INFO  c.i.q.f.ApplicationManager$MyListener - By.cssSelector: .yearfound.
21:28:44 [Test worker] INFO  c.i.q.f.ApplicationManager$MyListener - Start search By.cssSelector: .engine...
21:28:44 [Test worker] INFO  c.i.q.f.ApplicationManager$MyListener - By.cssSelector: .enginefound.
21:28:44 [Test worker] INFO  c.i.q.f.ApplicationManager$MyListener - Start search By.cssSelector: .engine...
21:28:44 [Test worker] INFO  c.i.q.f.ApplicationManager$MyListener - By.cssSelector: .enginefound.
21:28:44 [Test worker] INFO  c.i.q.f.ApplicationManager$MyListener - Start search By.cssSelector: .engine...
21:28:44 [Test worker] INFO  c.i.q.f.ApplicationManager$MyListener - By.cssSelector: .enginefound.
21:28:44 [Test worker] INFO  c.i.q.f.ApplicationManager$MyListener - Start search By.cssSelector: .fuel_consumption...
21:28:44 [Test worker] INFO  c.i.q.f.ApplicationManager$MyListener - By.cssSelector: .fuel_consumptionfound.
21:28:44 [Test worker] INFO  c.i.q.f.ApplicationManager$MyListener - Start search By.cssSelector: .fuel_consumption...
21:28:44 [Test worker] INFO  c.i.q.f.ApplicationManager$MyListener - By.cssSelector: .fuel_consumptionfound.
21:28:44 [Test worker] INFO  c.i.q.f.ApplicationManager$MyListener - Start search By.cssSelector: .fuel_consumption...
21:28:44 [Test worker] INFO  c.i.q.f.ApplicationManager$MyListener - By.cssSelector: .fuel_consumptionfound.
21:28:45 [Test worker] INFO  c.i.q.f.ApplicationManager$MyListener - Start search By.cssSelector: .fuel...
21:28:45 [Test worker] INFO  c.i.q.f.ApplicationManager$MyListener - By.cssSelector: .fuelfound.
21:28:45 [Test worker] INFO  c.i.q.f.ApplicationManager$MyListener - Start search By.cssSelector: .fuel...
21:28:45 [Test worker] INFO  c.i.q.f.ApplicationManager$MyListener - By.cssSelector: .fuelfound.
21:28:45 [Test worker] INFO  c.i.q.f.ApplicationManager$MyListener - Start search By.cssSelector: .fuel...
21:28:45 [Test worker] INFO  c.i.q.f.ApplicationManager$MyListener - By.cssSelector: .fuelfound.
21:28:45 [Test worker] INFO  c.i.q.f.ApplicationManager$MyListener - Start search By.cssSelector: .transmition...
21:28:45 [Test worker] INFO  c.i.q.f.ApplicationManager$MyListener - By.cssSelector: .transmitionfound.
21:28:45 [Test worker] INFO  c.i.q.f.ApplicationManager$MyListener - Start search By.cssSelector: .transmition...
21:28:45 [Test worker] INFO  c.i.q.f.ApplicationManager$MyListener - By.cssSelector: .transmitionfound.
21:28:45 [Test worker] INFO  c.i.q.f.ApplicationManager$MyListener - Start search By.cssSelector: .transmition...
21:28:45 [Test worker] INFO  c.i.q.f.ApplicationManager$MyListener - By.cssSelector: .transmitionfound.
21:28:45 [Test worker] INFO  c.i.q.f.ApplicationManager$MyListener - Start search By.cssSelector: .wd...
21:28:45 [Test worker] INFO  c.i.q.f.ApplicationManager$MyListener - By.cssSelector: .wdfound.
21:28:45 [Test worker] INFO  c.i.q.f.ApplicationManager$MyListener - Start search By.cssSelector: .wd...
21:28:45 [Test worker] INFO  c.i.q.f.ApplicationManager$MyListener - By.cssSelector: .wdfound.
21:28:45 [Test worker] INFO  c.i.q.f.ApplicationManager$MyListener - Start search By.cssSelector: .wd...
21:28:45 [Test worker] INFO  c.i.q.f.ApplicationManager$MyListener - By.cssSelector: .wdfound.
21:28:45 [Test worker] INFO  c.i.q.f.ApplicationManager$MyListener - Start search By.cssSelector: .horsepower...
21:28:45 [Test worker] INFO  c.i.q.f.ApplicationManager$MyListener - By.cssSelector: .horsepowerfound.
21:28:45 [Test worker] INFO  c.i.q.f.ApplicationManager$MyListener - Start search By.cssSelector: .horsepower...
21:28:45 [Test worker] INFO  c.i.q.f.ApplicationManager$MyListener - By.cssSelector: .horsepowerfound.
21:28:45 [Test worker] INFO  c.i.q.f.ApplicationManager$MyListener - Start search By.cssSelector: .horsepower...
21:28:45 [Test worker] INFO  c.i.q.f.ApplicationManager$MyListener - By.cssSelector: .horsepowerfound.
21:28:45 [Test worker] INFO  c.i.q.f.ApplicationManager$MyListener - Start search By.cssSelector: .torque...
21:28:45 [Test worker] INFO  c.i.q.f.ApplicationManager$MyListener - By.cssSelector: .torquefound.
21:28:46 [Test worker] INFO  c.i.q.f.ApplicationManager$MyListener - Start search By.cssSelector: .torque...
21:28:46 [Test worker] INFO  c.i.q.f.ApplicationManager$MyListener - By.cssSelector: .torquefound.
21:28:46 [Test worker] INFO  c.i.q.f.ApplicationManager$MyListener - Start search By.cssSelector: .torque...
21:28:46 [Test worker] INFO  c.i.q.f.ApplicationManager$MyListener - By.cssSelector: .torquefound.
21:28:46 [Test worker] INFO  c.i.q.f.ApplicationManager$MyListener - Start search By.cssSelector: .doors...
21:28:46 [Test worker] INFO  c.i.q.f.ApplicationManager$MyListener - By.cssSelector: .doorsfound.
21:28:46 [Test worker] INFO  c.i.q.f.ApplicationManager$MyListener - Start search By.cssSelector: .doors...
21:28:46 [Test worker] INFO  c.i.q.f.ApplicationManager$MyListener - By.cssSelector: .doorsfound.
21:28:46 [Test worker] INFO  c.i.q.f.ApplicationManager$MyListener - Start search By.cssSelector: .doors...
21:28:46 [Test worker] INFO  c.i.q.f.ApplicationManager$MyListener - By.cssSelector: .doorsfound.
21:28:46 [Test worker] INFO  c.i.q.f.ApplicationManager$MyListener - Start search By.cssSelector: .seats...
21:28:46 [Test worker] INFO  c.i.q.f.ApplicationManager$MyListener - By.cssSelector: .seatsfound.
21:28:46 [Test worker] INFO  c.i.q.f.ApplicationManager$MyListener - Start search By.cssSelector: .seats...
21:28:46 [Test worker] INFO  c.i.q.f.ApplicationManager$MyListener - By.cssSelector: .seatsfound.
21:28:46 [Test worker] INFO  c.i.q.f.ApplicationManager$MyListener - Start search By.cssSelector: .seats...
21:28:46 [Test worker] INFO  c.i.q.f.ApplicationManager$MyListener - By.cssSelector: .seatsfound.
21:28:46 [Test worker] INFO  c.i.q.f.ApplicationManager$MyListener - Start search By.cssSelector: .class...
21:28:46 [Test worker] INFO  c.i.q.f.ApplicationManager$MyListener - By.cssSelector: .classfound.
21:28:46 [Test worker] INFO  c.i.q.f.ApplicationManager$MyListener - Start search By.cssSelector: .class...
21:28:46 [Test worker] INFO  c.i.q.f.ApplicationManager$MyListener - By.cssSelector: .classfound.
21:28:46 [Test worker] INFO  c.i.q.f.ApplicationManager$MyListener - Start search By.cssSelector: .class...
21:28:46 [Test worker] INFO  c.i.q.f.ApplicationManager$MyListener - By.cssSelector: .classfound.
21:28:47 [Test worker] INFO  c.i.q.f.ApplicationManager$MyListener - Start search By.name: about...
21:28:47 [Test worker] INFO  c.i.q.f.ApplicationManager$MyListener - By.name: aboutfound.
21:28:47 [Test worker] INFO  c.i.q.f.ApplicationManager$MyListener - Start search By.name: about...
21:28:47 [Test worker] INFO  c.i.q.f.ApplicationManager$MyListener - By.name: aboutfound.
21:28:47 [Test worker] INFO  c.i.q.f.ApplicationManager$MyListener - Start search By.name: about...
21:28:47 [Test worker] INFO  c.i.q.f.ApplicationManager$MyListener - By.name: aboutfound.
21:28:47 [Test worker] INFO  c.i.q.f.ApplicationManager$MyListener - Start search By.cssSelector: .type_feature...
21:28:47 [Test worker] INFO  c.i.q.f.ApplicationManager$MyListener - By.cssSelector: .type_featurefound.
21:28:47 [Test worker] INFO  c.i.q.f.ApplicationManager$MyListener - Start search By.cssSelector: .type_feature...
21:28:47 [Test worker] INFO  c.i.q.f.ApplicationManager$MyListener - By.cssSelector: .type_featurefound.
21:28:47 [Test worker] INFO  c.i.q.f.ApplicationManager$MyListener - Start search By.cssSelector: .type_feature...
21:28:47 [Test worker] INFO  c.i.q.f.ApplicationManager$MyListener - By.cssSelector: .type_featurefound.
21:28:47 [Test worker] INFO  c.i.q.f.ApplicationManager$MyListener - Start search By.cssSelector: .price...
21:28:47 [Test worker] INFO  c.i.q.f.ApplicationManager$MyListener - By.cssSelector: .pricefound.
21:28:47 [Test worker] INFO  c.i.q.f.ApplicationManager$MyListener - Start search By.cssSelector: .price...
21:28:47 [Test worker] INFO  c.i.q.f.ApplicationManager$MyListener - By.cssSelector: .pricefound.
21:28:47 [Test worker] INFO  c.i.q.f.ApplicationManager$MyListener - Start search By.cssSelector: .price...
21:28:47 [Test worker] INFO  c.i.q.f.ApplicationManager$MyListener - By.cssSelector: .pricefound.
21:28:49 [Test worker] INFO  c.i.q.f.ApplicationManager$MyListener - Start search By.cssSelector: [type='submit']...
21:28:49 [Test worker] INFO  c.i.q.f.ApplicationManager$MyListener - By.cssSelector: [type='submit']found.
21:28:49 [Test worker] INFO  com.ilcarro.qa.tests.TestBase - PASSED: Test method testFormLetTheCarWorkFromDataProvider
21:28:49 [Test worker] INFO  com.ilcarro.qa.tests.TestBase - Stop test 
21:28:49 [Test worker] INFO  com.ilcarro.qa.tests.TestBase - ======================================================================
21:28:49 [Test worker] INFO  com.ilcarro.qa.tests.TestBase - Start test testFormLetTheCarWorkFromDataProvider with data: [Car{serialNumber='876-99-312', brand='Vaz', model='2109', year='1999', price='1000'}]
21:28:49 [Test worker] INFO  c.i.q.f.ApplicationManager$MyListener - Start search By.cssSelector: .header__nav [href='/car']...
21:28:49 [Test worker] INFO  c.i.q.f.ApplicationManager$MyListener - By.cssSelector: .header__nav [href='/car']found.
21:28:49 [Test worker] INFO  c.i.q.f.ApplicationManager$MyListener - Start search By.cssSelector: .country...
21:28:49 [Test worker] INFO  c.i.q.f.ApplicationManager$MyListener - By.cssSelector: .countryfound.
21:28:49 [Test worker] INFO  c.i.q.f.ApplicationManager$MyListener - Start search By.cssSelector: .country...
21:28:49 [Test worker] INFO  c.i.q.f.ApplicationManager$MyListener - By.cssSelector: .countryfound.
21:28:50 [Test worker] INFO  c.i.q.f.ApplicationManager$MyListener - Start search By.cssSelector: .country...
21:28:50 [Test worker] INFO  c.i.q.f.ApplicationManager$MyListener - By.cssSelector: .countryfound.
21:28:50 [Test worker] INFO  c.i.q.f.ApplicationManager$MyListener - Start search By.cssSelector: .address...
21:28:50 [Test worker] INFO  c.i.q.f.ApplicationManager$MyListener - By.cssSelector: .addressfound.
21:28:50 [Test worker] INFO  c.i.q.f.ApplicationManager$MyListener - Start search By.cssSelector: .address...
21:28:50 [Test worker] INFO  c.i.q.f.ApplicationManager$MyListener - By.cssSelector: .addressfound.
21:28:50 [Test worker] INFO  c.i.q.f.ApplicationManager$MyListener - Start search By.cssSelector: .address...
21:28:50 [Test worker] INFO  c.i.q.f.ApplicationManager$MyListener - By.cssSelector: .addressfound.
21:28:50 [Test worker] INFO  c.i.q.f.ApplicationManager$MyListener - Start search By.cssSelector: .distance_included...
21:28:50 [Test worker] INFO  c.i.q.f.ApplicationManager$MyListener - By.cssSelector: .distance_includedfound.
21:28:50 [Test worker] INFO  c.i.q.f.ApplicationManager$MyListener - Start search By.cssSelector: .distance_included...
21:28:50 [Test worker] INFO  c.i.q.f.ApplicationManager$MyListener - By.cssSelector: .distance_includedfound.
21:28:50 [Test worker] INFO  c.i.q.f.ApplicationManager$MyListener - Start search By.cssSelector: .distance_included...
21:28:50 [Test worker] INFO  c.i.q.f.ApplicationManager$MyListener - By.cssSelector: .distance_includedfound.
21:28:50 [Test worker] INFO  c.i.q.f.ApplicationManager$MyListener - Start search By.cssSelector: .serial_number...
21:28:50 [Test worker] INFO  c.i.q.f.ApplicationManager$MyListener - By.cssSelector: .serial_numberfound.
21:28:50 [Test worker] INFO  c.i.q.f.ApplicationManager$MyListener - Start search By.cssSelector: .serial_number...
21:28:50 [Test worker] INFO  c.i.q.f.ApplicationManager$MyListener - By.cssSelector: .serial_numberfound.
21:28:50 [Test worker] INFO  c.i.q.f.ApplicationManager$MyListener - Start search By.cssSelector: .serial_number...
21:28:50 [Test worker] INFO  c.i.q.f.ApplicationManager$MyListener - By.cssSelector: .serial_numberfound.
21:28:51 [Test worker] INFO  c.i.q.f.ApplicationManager$MyListener - Start search By.cssSelector: .brand...
21:28:51 [Test worker] INFO  c.i.q.f.ApplicationManager$MyListener - By.cssSelector: .brandfound.
21:28:51 [Test worker] INFO  c.i.q.f.ApplicationManager$MyListener - Start search By.cssSelector: .brand...
21:28:51 [Test worker] INFO  c.i.q.f.ApplicationManager$MyListener - By.cssSelector: .brandfound.
21:28:51 [Test worker] INFO  c.i.q.f.ApplicationManager$MyListener - Start search By.cssSelector: .brand...
21:28:51 [Test worker] INFO  c.i.q.f.ApplicationManager$MyListener - By.cssSelector: .brandfound.
21:28:51 [Test worker] INFO  c.i.q.f.ApplicationManager$MyListener - Start search By.cssSelector: .model...
21:28:51 [Test worker] INFO  c.i.q.f.ApplicationManager$MyListener - By.cssSelector: .modelfound.
21:28:51 [Test worker] INFO  c.i.q.f.ApplicationManager$MyListener - Start search By.cssSelector: .model...
21:28:51 [Test worker] INFO  c.i.q.f.ApplicationManager$MyListener - By.cssSelector: .modelfound.
21:28:51 [Test worker] INFO  c.i.q.f.ApplicationManager$MyListener - Start search By.cssSelector: .model...
21:28:51 [Test worker] INFO  c.i.q.f.ApplicationManager$MyListener - By.cssSelector: .modelfound.
21:28:51 [Test worker] INFO  c.i.q.f.ApplicationManager$MyListener - Start search By.cssSelector: .year...
21:28:51 [Test worker] INFO  c.i.q.f.ApplicationManager$MyListener - By.cssSelector: .yearfound.
21:28:51 [Test worker] INFO  c.i.q.f.ApplicationManager$MyListener - Start search By.cssSelector: .year...
21:28:51 [Test worker] INFO  c.i.q.f.ApplicationManager$MyListener - By.cssSelector: .yearfound.
21:28:51 [Test worker] INFO  c.i.q.f.ApplicationManager$MyListener - Start search By.cssSelector: .year...
21:28:51 [Test worker] INFO  c.i.q.f.ApplicationManager$MyListener - By.cssSelector: .yearfound.
21:28:52 [Test worker] INFO  c.i.q.f.ApplicationManager$MyListener - Start search By.cssSelector: .engine...
21:28:52 [Test worker] INFO  c.i.q.f.ApplicationManager$MyListener - By.cssSelector: .enginefound.
21:28:52 [Test worker] INFO  c.i.q.f.ApplicationManager$MyListener - Start search By.cssSelector: .engine...
21:28:52 [Test worker] INFO  c.i.q.f.ApplicationManager$MyListener - By.cssSelector: .enginefound.
21:28:52 [Test worker] INFO  c.i.q.f.ApplicationManager$MyListener - Start search By.cssSelector: .engine...
21:28:52 [Test worker] INFO  c.i.q.f.ApplicationManager$MyListener - By.cssSelector: .enginefound.
21:28:52 [Test worker] INFO  c.i.q.f.ApplicationManager$MyListener - Start search By.cssSelector: .fuel_consumption...
21:28:52 [Test worker] INFO  c.i.q.f.ApplicationManager$MyListener - By.cssSelector: .fuel_consumptionfound.
21:28:52 [Test worker] INFO  c.i.q.f.ApplicationManager$MyListener - Start search By.cssSelector: .fuel_consumption...
21:28:52 [Test worker] INFO  c.i.q.f.ApplicationManager$MyListener - By.cssSelector: .fuel_consumptionfound.
21:28:52 [Test worker] INFO  c.i.q.f.ApplicationManager$MyListener - Start search By.cssSelector: .fuel_consumption...
21:28:52 [Test worker] INFO  c.i.q.f.ApplicationManager$MyListener - By.cssSelector: .fuel_consumptionfound.
21:28:52 [Test worker] INFO  c.i.q.f.ApplicationManager$MyListener - Start search By.cssSelector: .fuel...
21:28:52 [Test worker] INFO  c.i.q.f.ApplicationManager$MyListener - By.cssSelector: .fuelfound.
21:28:52 [Test worker] INFO  c.i.q.f.ApplicationManager$MyListener - Start search By.cssSelector: .fuel...
21:28:52 [Test worker] INFO  c.i.q.f.ApplicationManager$MyListener - By.cssSelector: .fuelfound.
21:28:52 [Test worker] INFO  c.i.q.f.ApplicationManager$MyListener - Start search By.cssSelector: .fuel...
21:28:52 [Test worker] INFO  c.i.q.f.ApplicationManager$MyListener - By.cssSelector: .fuelfound.
21:28:52 [Test worker] INFO  c.i.q.f.ApplicationManager$MyListener - Start search By.cssSelector: .transmition...
21:28:52 [Test worker] INFO  c.i.q.f.ApplicationManager$MyListener - By.cssSelector: .transmitionfound.
21:28:52 [Test worker] INFO  c.i.q.f.ApplicationManager$MyListener - Start search By.cssSelector: .transmition...
21:28:52 [Test worker] INFO  c.i.q.f.ApplicationManager$MyListener - By.cssSelector: .transmitionfound.
21:28:52 [Test worker] INFO  c.i.q.f.ApplicationManager$MyListener - Start search By.cssSelector: .transmition...
21:28:52 [Test worker] INFO  c.i.q.f.ApplicationManager$MyListener - By.cssSelector: .transmitionfound.
21:28:52 [Test worker] INFO  c.i.q.f.ApplicationManager$MyListener - Start search By.cssSelector: .wd...
21:28:53 [Test worker] INFO  c.i.q.f.ApplicationManager$MyListener - By.cssSelector: .wdfound.
21:28:53 [Test worker] INFO  c.i.q.f.ApplicationManager$MyListener - Start search By.cssSelector: .wd...
21:28:53 [Test worker] INFO  c.i.q.f.ApplicationManager$MyListener - By.cssSelector: .wdfound.
21:28:53 [Test worker] INFO  c.i.q.f.ApplicationManager$MyListener - Start search By.cssSelector: .wd...
21:28:53 [Test worker] INFO  c.i.q.f.ApplicationManager$MyListener - By.cssSelector: .wdfound.
21:28:53 [Test worker] INFO  c.i.q.f.ApplicationManager$MyListener - Start search By.cssSelector: .horsepower...
21:28:53 [Test worker] INFO  c.i.q.f.ApplicationManager$MyListener - By.cssSelector: .horsepowerfound.
21:28:53 [Test worker] INFO  c.i.q.f.ApplicationManager$MyListener - Start search By.cssSelector: .horsepower...
21:28:53 [Test worker] INFO  c.i.q.f.ApplicationManager$MyListener - By.cssSelector: .horsepowerfound.
21:28:53 [Test worker] INFO  c.i.q.f.ApplicationManager$MyListener - Start search By.cssSelector: .horsepower...
21:28:53 [Test worker] INFO  c.i.q.f.ApplicationManager$MyListener - By.cssSelector: .horsepowerfound.
21:28:53 [Test worker] INFO  c.i.q.f.ApplicationManager$MyListener - Start search By.cssSelector: .torque...
21:28:53 [Test worker] INFO  c.i.q.f.ApplicationManager$MyListener - By.cssSelector: .torquefound.
21:28:53 [Test worker] INFO  c.i.q.f.ApplicationManager$MyListener - Start search By.cssSelector: .torque...
21:28:53 [Test worker] INFO  c.i.q.f.ApplicationManager$MyListener - By.cssSelector: .torquefound.
21:28:53 [Test worker] INFO  c.i.q.f.ApplicationManager$MyListener - Start search By.cssSelector: .torque...
21:28:53 [Test worker] INFO  c.i.q.f.ApplicationManager$MyListener - By.cssSelector: .torquefound.
21:28:53 [Test worker] INFO  c.i.q.f.ApplicationManager$MyListener - Start search By.cssSelector: .doors...
21:28:53 [Test worker] INFO  c.i.q.f.ApplicationManager$MyListener - By.cssSelector: .doorsfound.
21:28:53 [Test worker] INFO  c.i.q.f.ApplicationManager$MyListener - Start search By.cssSelector: .doors...
21:28:53 [Test worker] INFO  c.i.q.f.ApplicationManager$MyListener - By.cssSelector: .doorsfound.
21:28:53 [Test worker] INFO  c.i.q.f.ApplicationManager$MyListener - Start search By.cssSelector: .doors...
21:28:53 [Test worker] INFO  c.i.q.f.ApplicationManager$MyListener - By.cssSelector: .doorsfound.
21:28:54 [Test worker] INFO  c.i.q.f.ApplicationManager$MyListener - Start search By.cssSelector: .seats...
21:28:54 [Test worker] INFO  c.i.q.f.ApplicationManager$MyListener - By.cssSelector: .seatsfound.
21:28:54 [Test worker] INFO  c.i.q.f.ApplicationManager$MyListener - Start search By.cssSelector: .seats...
21:28:54 [Test worker] INFO  c.i.q.f.ApplicationManager$MyListener - By.cssSelector: .seatsfound.
21:28:54 [Test worker] INFO  c.i.q.f.ApplicationManager$MyListener - Start search By.cssSelector: .seats...
21:28:54 [Test worker] INFO  c.i.q.f.ApplicationManager$MyListener - By.cssSelector: .seatsfound.
21:28:54 [Test worker] INFO  c.i.q.f.ApplicationManager$MyListener - Start search By.cssSelector: .class...
21:28:54 [Test worker] INFO  c.i.q.f.ApplicationManager$MyListener - By.cssSelector: .classfound.
21:28:54 [Test worker] INFO  c.i.q.f.ApplicationManager$MyListener - Start search By.cssSelector: .class...
21:28:54 [Test worker] INFO  c.i.q.f.ApplicationManager$MyListener - By.cssSelector: .classfound.
21:28:54 [Test worker] INFO  c.i.q.f.ApplicationManager$MyListener - Start search By.cssSelector: .class...
21:28:54 [Test worker] INFO  c.i.q.f.ApplicationManager$MyListener - By.cssSelector: .classfound.
21:28:54 [Test worker] INFO  c.i.q.f.ApplicationManager$MyListener - Start search By.name: about...
21:28:54 [Test worker] INFO  c.i.q.f.ApplicationManager$MyListener - By.name: aboutfound.
21:28:54 [Test worker] INFO  c.i.q.f.ApplicationManager$MyListener - Start search By.name: about...
21:28:54 [Test worker] INFO  c.i.q.f.ApplicationManager$MyListener - By.name: aboutfound.
21:28:54 [Test worker] INFO  c.i.q.f.ApplicationManager$MyListener - Start search By.name: about...
21:28:54 [Test worker] INFO  c.i.q.f.ApplicationManager$MyListener - By.name: aboutfound.
21:28:54 [Test worker] INFO  c.i.q.f.ApplicationManager$MyListener - Start search By.cssSelector: .type_feature...
21:28:54 [Test worker] INFO  c.i.q.f.ApplicationManager$MyListener - By.cssSelector: .type_featurefound.
21:28:54 [Test worker] INFO  c.i.q.f.ApplicationManager$MyListener - Start search By.cssSelector: .type_feature...
21:28:54 [Test worker] INFO  c.i.q.f.ApplicationManager$MyListener - By.cssSelector: .type_featurefound.
21:28:54 [Test worker] INFO  c.i.q.f.ApplicationManager$MyListener - Start search By.cssSelector: .type_feature...
21:28:54 [Test worker] INFO  c.i.q.f.ApplicationManager$MyListener - By.cssSelector: .type_featurefound.
21:28:55 [Test worker] INFO  c.i.q.f.ApplicationManager$MyListener - Start search By.cssSelector: .price...
21:28:55 [Test worker] INFO  c.i.q.f.ApplicationManager$MyListener - By.cssSelector: .pricefound.
21:28:55 [Test worker] INFO  c.i.q.f.ApplicationManager$MyListener - Start search By.cssSelector: .price...
21:28:55 [Test worker] INFO  c.i.q.f.ApplicationManager$MyListener - By.cssSelector: .pricefound.
21:28:55 [Test worker] INFO  c.i.q.f.ApplicationManager$MyListener - Start search By.cssSelector: .price...
21:28:55 [Test worker] INFO  c.i.q.f.ApplicationManager$MyListener - By.cssSelector: .pricefound.
21:28:57 [Test worker] INFO  c.i.q.f.ApplicationManager$MyListener - Start search By.cssSelector: [type='submit']...
21:28:57 [Test worker] INFO  c.i.q.f.ApplicationManager$MyListener - By.cssSelector: [type='submit']found.
21:28:57 [Test worker] INFO  com.ilcarro.qa.tests.TestBase - PASSED: Test method testFormLetTheCarWorkFromDataProvider
21:28:57 [Test worker] INFO  com.ilcarro.qa.tests.TestBase - Stop test 
21:28:57 [Test worker] INFO  com.ilcarro.qa.tests.TestBase - ======================================================================
21:28:57 [Test worker] INFO  com.ilcarro.qa.tests.TestBase - Start test testFormLetTheCarWorkFromDataProvider with data: [Car{serialNumber='876-99-313', brand='Opel', model='hh', year='2020', price='28'}]
21:28:57 [Test worker] INFO  c.i.q.f.ApplicationManager$MyListener - Start search By.cssSelector: .header__nav [href='/car']...
21:28:57 [Test worker] INFO  c.i.q.f.ApplicationManager$MyListener - By.cssSelector: .header__nav [href='/car']found.
21:28:57 [Test worker] INFO  c.i.q.f.ApplicationManager$MyListener - Start search By.cssSelector: .country...
21:28:57 [Test worker] INFO  c.i.q.f.ApplicationManager$MyListener - By.cssSelector: .countryfound.
21:28:57 [Test worker] INFO  c.i.q.f.ApplicationManager$MyListener - Start search By.cssSelector: .country...
21:28:57 [Test worker] INFO  c.i.q.f.ApplicationManager$MyListener - By.cssSelector: .countryfound.
21:28:57 [Test worker] INFO  c.i.q.f.ApplicationManager$MyListener - Start search By.cssSelector: .country...
21:28:57 [Test worker] INFO  c.i.q.f.ApplicationManager$MyListener - By.cssSelector: .countryfound.
21:28:57 [Test worker] INFO  c.i.q.f.ApplicationManager$MyListener - Start search By.cssSelector: .address...
21:28:57 [Test worker] INFO  c.i.q.f.ApplicationManager$MyListener - By.cssSelector: .addressfound.
21:28:57 [Test worker] INFO  c.i.q.f.ApplicationManager$MyListener - Start search By.cssSelector: .address...
21:28:57 [Test worker] INFO  c.i.q.f.ApplicationManager$MyListener - By.cssSelector: .addressfound.
21:28:58 [Test worker] INFO  c.i.q.f.ApplicationManager$MyListener - Start search By.cssSelector: .address...
21:28:58 [Test worker] INFO  c.i.q.f.ApplicationManager$MyListener - By.cssSelector: .addressfound.
21:28:58 [Test worker] INFO  c.i.q.f.ApplicationManager$MyListener - Start search By.cssSelector: .distance_included...
21:28:58 [Test worker] INFO  c.i.q.f.ApplicationManager$MyListener - By.cssSelector: .distance_includedfound.
21:28:58 [Test worker] INFO  c.i.q.f.ApplicationManager$MyListener - Start search By.cssSelector: .distance_included...
21:28:58 [Test worker] INFO  c.i.q.f.ApplicationManager$MyListener - By.cssSelector: .distance_includedfound.
21:28:58 [Test worker] INFO  c.i.q.f.ApplicationManager$MyListener - Start search By.cssSelector: .distance_included...
21:28:58 [Test worker] INFO  c.i.q.f.ApplicationManager$MyListener - By.cssSelector: .distance_includedfound.
21:28:58 [Test worker] INFO  c.i.q.f.ApplicationManager$MyListener - Start search By.cssSelector: .serial_number...
21:28:58 [Test worker] INFO  c.i.q.f.ApplicationManager$MyListener - By.cssSelector: .serial_numberfound.
21:28:58 [Test worker] INFO  c.i.q.f.ApplicationManager$MyListener - Start search By.cssSelector: .serial_number...
21:28:58 [Test worker] INFO  c.i.q.f.ApplicationManager$MyListener - By.cssSelector: .serial_numberfound.
21:28:59 [Test worker] INFO  c.i.q.f.ApplicationManager$MyListener - Start search By.cssSelector: .serial_number...
21:28:59 [Test worker] INFO  c.i.q.f.ApplicationManager$MyListener - By.cssSelector: .serial_numberfound.
21:28:59 [Test worker] INFO  c.i.q.f.ApplicationManager$MyListener - Start search By.cssSelector: .brand...
21:28:59 [Test worker] INFO  c.i.q.f.ApplicationManager$MyListener - By.cssSelector: .brandfound.
21:28:59 [Test worker] INFO  c.i.q.f.ApplicationManager$MyListener - Start search By.cssSelector: .brand...
21:28:59 [Test worker] INFO  c.i.q.f.ApplicationManager$MyListener - By.cssSelector: .brandfound.
21:28:59 [Test worker] INFO  c.i.q.f.ApplicationManager$MyListener - Start search By.cssSelector: .brand...
21:28:59 [Test worker] INFO  c.i.q.f.ApplicationManager$MyListener - By.cssSelector: .brandfound.
21:28:59 [Test worker] INFO  c.i.q.f.ApplicationManager$MyListener - Start search By.cssSelector: .model...
21:28:59 [Test worker] INFO  c.i.q.f.ApplicationManager$MyListener - By.cssSelector: .modelfound.
21:28:59 [Test worker] INFO  c.i.q.f.ApplicationManager$MyListener - Start search By.cssSelector: .model...
21:28:59 [Test worker] INFO  c.i.q.f.ApplicationManager$MyListener - By.cssSelector: .modelfound.
21:28:59 [Test worker] INFO  c.i.q.f.ApplicationManager$MyListener - Start search By.cssSelector: .model...
21:28:59 [Test worker] INFO  c.i.q.f.ApplicationManager$MyListener - By.cssSelector: .modelfound.
21:28:59 [Test worker] INFO  c.i.q.f.ApplicationManager$MyListener - Start search By.cssSelector: .year...
21:28:59 [Test worker] INFO  c.i.q.f.ApplicationManager$MyListener - By.cssSelector: .yearfound.
21:28:59 [Test worker] INFO  c.i.q.f.ApplicationManager$MyListener - Start search By.cssSelector: .year...
21:28:59 [Test worker] INFO  c.i.q.f.ApplicationManager$MyListener - By.cssSelector: .yearfound.
21:28:59 [Test worker] INFO  c.i.q.f.ApplicationManager$MyListener - Start search By.cssSelector: .year...
21:28:59 [Test worker] INFO  c.i.q.f.ApplicationManager$MyListener - By.cssSelector: .yearfound.
21:28:59 [Test worker] INFO  c.i.q.f.ApplicationManager$MyListener - Start search By.cssSelector: .engine...
21:28:59 [Test worker] INFO  c.i.q.f.ApplicationManager$MyListener - By.cssSelector: .enginefound.
21:29:00 [Test worker] INFO  c.i.q.f.ApplicationManager$MyListener - Start search By.cssSelector: .engine...
21:29:00 [Test worker] INFO  c.i.q.f.ApplicationManager$MyListener - By.cssSelector: .enginefound.
21:29:00 [Test worker] INFO  c.i.q.f.ApplicationManager$MyListener - Start search By.cssSelector: .engine...
21:29:00 [Test worker] INFO  c.i.q.f.ApplicationManager$MyListener - By.cssSelector: .enginefound.
21:29:00 [Test worker] INFO  c.i.q.f.ApplicationManager$MyListener - Start search By.cssSelector: .fuel_consumption...
21:29:00 [Test worker] INFO  c.i.q.f.ApplicationManager$MyListener - By.cssSelector: .fuel_consumptionfound.
21:29:00 [Test worker] INFO  c.i.q.f.ApplicationManager$MyListener - Start search By.cssSelector: .fuel_consumption...
21:29:00 [Test worker] INFO  c.i.q.f.ApplicationManager$MyListener - By.cssSelector: .fuel_consumptionfound.
21:29:00 [Test worker] INFO  c.i.q.f.ApplicationManager$MyListener - Start search By.cssSelector: .fuel_consumption...
21:29:00 [Test worker] INFO  c.i.q.f.ApplicationManager$MyListener - By.cssSelector: .fuel_consumptionfound.
21:29:00 [Test worker] INFO  c.i.q.f.ApplicationManager$MyListener - Start search By.cssSelector: .fuel...
21:29:00 [Test worker] INFO  c.i.q.f.ApplicationManager$MyListener - By.cssSelector: .fuelfound.
21:29:00 [Test worker] INFO  c.i.q.f.ApplicationManager$MyListener - Start search By.cssSelector: .fuel...
21:29:00 [Test worker] INFO  c.i.q.f.ApplicationManager$MyListener - By.cssSelector: .fuelfound.
21:29:00 [Test worker] INFO  c.i.q.f.ApplicationManager$MyListener - Start search By.cssSelector: .fuel...
21:29:00 [Test worker] INFO  c.i.q.f.ApplicationManager$MyListener - By.cssSelector: .fuelfound.
21:29:00 [Test worker] INFO  c.i.q.f.ApplicationManager$MyListener - Start search By.cssSelector: .transmition...
21:29:00 [Test worker] INFO  c.i.q.f.ApplicationManager$MyListener - By.cssSelector: .transmitionfound.
21:29:00 [Test worker] INFO  c.i.q.f.ApplicationManager$MyListener - Start search By.cssSelector: .transmition...
21:29:00 [Test worker] INFO  c.i.q.f.ApplicationManager$MyListener - By.cssSelector: .transmitionfound.
21:29:00 [Test worker] INFO  c.i.q.f.ApplicationManager$MyListener - Start search By.cssSelector: .transmition...
21:29:00 [Test worker] INFO  c.i.q.f.ApplicationManager$MyListener - By.cssSelector: .transmitionfound.
21:29:00 [Test worker] INFO  c.i.q.f.ApplicationManager$MyListener - Start search By.cssSelector: .wd...
21:29:01 [Test worker] INFO  c.i.q.f.ApplicationManager$MyListener - By.cssSelector: .wdfound.
21:29:01 [Test worker] INFO  c.i.q.f.ApplicationManager$MyListener - Start search By.cssSelector: .wd...
21:29:01 [Test worker] INFO  c.i.q.f.ApplicationManager$MyListener - By.cssSelector: .wdfound.
21:29:01 [Test worker] INFO  c.i.q.f.ApplicationManager$MyListener - Start search By.cssSelector: .wd...
21:29:01 [Test worker] INFO  c.i.q.f.ApplicationManager$MyListener - By.cssSelector: .wdfound.
21:29:01 [Test worker] INFO  c.i.q.f.ApplicationManager$MyListener - Start search By.cssSelector: .horsepower...
21:29:01 [Test worker] INFO  c.i.q.f.ApplicationManager$MyListener - By.cssSelector: .horsepowerfound.
21:29:01 [Test worker] INFO  c.i.q.f.ApplicationManager$MyListener - Start search By.cssSelector: .horsepower...
21:29:01 [Test worker] INFO  c.i.q.f.ApplicationManager$MyListener - By.cssSelector: .horsepowerfound.
21:29:01 [Test worker] INFO  c.i.q.f.ApplicationManager$MyListener - Start search By.cssSelector: .horsepower...
21:29:01 [Test worker] INFO  c.i.q.f.ApplicationManager$MyListener - By.cssSelector: .horsepowerfound.
21:29:01 [Test worker] INFO  c.i.q.f.ApplicationManager$MyListener - Start search By.cssSelector: .torque...
21:29:01 [Test worker] INFO  c.i.q.f.ApplicationManager$MyListener - By.cssSelector: .torquefound.
21:29:01 [Test worker] INFO  c.i.q.f.ApplicationManager$MyListener - Start search By.cssSelector: .torque...
21:29:01 [Test worker] INFO  c.i.q.f.ApplicationManager$MyListener - By.cssSelector: .torquefound.
21:29:01 [Test worker] INFO  c.i.q.f.ApplicationManager$MyListener - Start search By.cssSelector: .torque...
21:29:01 [Test worker] INFO  c.i.q.f.ApplicationManager$MyListener - By.cssSelector: .torquefound.
21:29:01 [Test worker] INFO  c.i.q.f.ApplicationManager$MyListener - Start search By.cssSelector: .doors...
21:29:01 [Test worker] INFO  c.i.q.f.ApplicationManager$MyListener - By.cssSelector: .doorsfound.
21:29:01 [Test worker] INFO  c.i.q.f.ApplicationManager$MyListener - Start search By.cssSelector: .doors...
21:29:01 [Test worker] INFO  c.i.q.f.ApplicationManager$MyListener - By.cssSelector: .doorsfound.
21:29:01 [Test worker] INFO  c.i.q.f.ApplicationManager$MyListener - Start search By.cssSelector: .doors...
21:29:01 [Test worker] INFO  c.i.q.f.ApplicationManager$MyListener - By.cssSelector: .doorsfound.
21:29:02 [Test worker] INFO  c.i.q.f.ApplicationManager$MyListener - Start search By.cssSelector: .seats...
21:29:02 [Test worker] INFO  c.i.q.f.ApplicationManager$MyListener - By.cssSelector: .seatsfound.
21:29:02 [Test worker] INFO  c.i.q.f.ApplicationManager$MyListener - Start search By.cssSelector: .seats...
21:29:02 [Test worker] INFO  c.i.q.f.ApplicationManager$MyListener - By.cssSelector: .seatsfound.
21:29:02 [Test worker] INFO  c.i.q.f.ApplicationManager$MyListener - Start search By.cssSelector: .seats...
21:29:02 [Test worker] INFO  c.i.q.f.ApplicationManager$MyListener - By.cssSelector: .seatsfound.
21:29:02 [Test worker] INFO  c.i.q.f.ApplicationManager$MyListener - Start search By.cssSelector: .class...
21:29:02 [Test worker] INFO  c.i.q.f.ApplicationManager$MyListener - By.cssSelector: .classfound.
21:29:02 [Test worker] INFO  c.i.q.f.ApplicationManager$MyListener - Start search By.cssSelector: .class...
21:29:02 [Test worker] INFO  c.i.q.f.ApplicationManager$MyListener - By.cssSelector: .classfound.
21:29:02 [Test worker] INFO  c.i.q.f.ApplicationManager$MyListener - Start search By.cssSelector: .class...
21:29:02 [Test worker] INFO  c.i.q.f.ApplicationManager$MyListener - By.cssSelector: .classfound.
21:29:02 [Test worker] INFO  c.i.q.f.ApplicationManager$MyListener - Start search By.name: about...
21:29:02 [Test worker] INFO  c.i.q.f.ApplicationManager$MyListener - By.name: aboutfound.
21:29:02 [Test worker] INFO  c.i.q.f.ApplicationManager$MyListener - Start search By.name: about...
21:29:02 [Test worker] INFO  c.i.q.f.ApplicationManager$MyListener - By.name: aboutfound.
21:29:02 [Test worker] INFO  c.i.q.f.ApplicationManager$MyListener - Start search By.name: about...
21:29:02 [Test worker] INFO  c.i.q.f.ApplicationManager$MyListener - By.name: aboutfound.
21:29:02 [Test worker] INFO  c.i.q.f.ApplicationManager$MyListener - Start search By.cssSelector: .type_feature...
21:29:02 [Test worker] INFO  c.i.q.f.ApplicationManager$MyListener - By.cssSelector: .type_featurefound.
21:29:02 [Test worker] INFO  c.i.q.f.ApplicationManager$MyListener - Start search By.cssSelector: .type_feature...
21:29:03 [Test worker] INFO  c.i.q.f.ApplicationManager$MyListener - By.cssSelector: .type_featurefound.
21:29:03 [Test worker] INFO  c.i.q.f.ApplicationManager$MyListener - Start search By.cssSelector: .type_feature...
21:29:03 [Test worker] INFO  c.i.q.f.ApplicationManager$MyListener - By.cssSelector: .type_featurefound.
21:29:03 [Test worker] INFO  c.i.q.f.ApplicationManager$MyListener - Start search By.cssSelector: .price...
21:29:03 [Test worker] INFO  c.i.q.f.ApplicationManager$MyListener - By.cssSelector: .pricefound.
21:29:03 [Test worker] INFO  c.i.q.f.ApplicationManager$MyListener - Start search By.cssSelector: .price...
21:29:03 [Test worker] INFO  c.i.q.f.ApplicationManager$MyListener - By.cssSelector: .pricefound.
21:29:03 [Test worker] INFO  c.i.q.f.ApplicationManager$MyListener - Start search By.cssSelector: .price...
21:29:03 [Test worker] INFO  c.i.q.f.ApplicationManager$MyListener - By.cssSelector: .pricefound.
21:29:05 [Test worker] INFO  c.i.q.f.ApplicationManager$MyListener - Start search By.cssSelector: [type='submit']...
21:29:05 [Test worker] INFO  c.i.q.f.ApplicationManager$MyListener - By.cssSelector: [type='submit']found.
21:29:05 [Test worker] INFO  com.ilcarro.qa.tests.TestBase - PASSED: Test method testFormLetTheCarWorkFromDataProvider
21:29:05 [Test worker] INFO  com.ilcarro.qa.tests.TestBase - Stop test 
21:29:05 [Test worker] INFO  com.ilcarro.qa.tests.TestBase - ======================================================================
]]></system-out>
  <system-err><![CDATA[]]></system-err>
</testsuite>
