<?xml version="1.0" encoding="UTF-8"?>
<testsuite name="com.ilcarro.qa.tests.LoginTests" tests="1" skipped="0" failures="0" errors="0" timestamp="2021-04-06T01:28:28" hostname="DESKTOP-MCMGSK5" time="4.731">
  <properties/>
  <testcase name="loginRegisteredUserPositiveTest" classname="com.ilcarro.qa.tests.LoginTests" time="4.731"/>
  <system-out><![CDATA[21:28:28 [Test worker] INFO  com.ilcarro.qa.tests.TestBase - Start test loginRegisteredUserPositiveTest with data: []
21:28:28 [Test worker] INFO  c.i.q.f.ApplicationManager$MyListener - Start search By.cssSelector: .Login_login__right_block__1niYm...
21:28:28 [Test worker] INFO  c.i.q.f.ApplicationManager$MyListener - By.cssSelector: .Login_login__right_block__1niYmfound.
21:28:28 [Test worker] INFO  c.i.q.f.ApplicationManager$MyListener - Start search By.cssSelector: [href='/login']...
21:28:28 [Test worker] INFO  c.i.q.f.ApplicationManager$MyListener - By.cssSelector: [href='/login']found.
21:28:28 [Test worker] INFO  c.i.q.f.ApplicationManager$MyListener - Start search By.name: email...
21:28:28 [Test worker] INFO  c.i.q.f.ApplicationManager$MyListener - By.name: emailfound.
21:28:28 [Test worker] INFO  c.i.q.f.ApplicationManager$MyListener - Start search By.name: email...
21:28:28 [Test worker] INFO  c.i.q.f.ApplicationManager$MyListener - By.name: emailfound.
21:28:28 [Test worker] INFO  c.i.q.f.ApplicationManager$MyListener - Start search By.name: email...
21:28:28 [Test worker] INFO  c.i.q.f.ApplicationManager$MyListener - By.name: emailfound.
21:28:28 [Test worker] INFO  c.i.q.f.ApplicationManager$MyListener - Start search By.name: password...
21:28:28 [Test worker] INFO  c.i.q.f.ApplicationManager$MyListener - By.name: passwordfound.
21:28:28 [Test worker] INFO  c.i.q.f.ApplicationManager$MyListener - Start search By.name: password...
21:28:28 [Test worker] INFO  c.i.q.f.ApplicationManager$MyListener - By.name: passwordfound.
21:28:28 [Test worker] INFO  c.i.q.f.ApplicationManager$MyListener - Start search By.name: password...
21:28:28 [Test worker] INFO  c.i.q.f.ApplicationManager$MyListener - By.name: passwordfound.
21:28:31 [Test worker] INFO  c.i.q.f.ApplicationManager$MyListener - Start search By.cssSelector: [type='submit']...
21:28:31 [Test worker] INFO  c.i.q.f.ApplicationManager$MyListener - By.cssSelector: [type='submit']found.
21:28:33 [Test worker] INFO  c.i.q.f.ApplicationManager$MyListener - Start search By.xpath: //a[contains(., 'logOut')]...
21:28:33 [Test worker] INFO  c.i.q.f.ApplicationManager$MyListener - By.xpath: //a[contains(., 'logOut')]found.
21:28:33 [Test worker] INFO  com.ilcarro.qa.tests.TestBase - PASSED: Test method loginRegisteredUserPositiveTest
21:28:33 [Test worker] INFO  com.ilcarro.qa.tests.TestBase - Stop test 
21:28:33 [Test worker] INFO  com.ilcarro.qa.tests.TestBase - ======================================================================
]]></system-out>
  <system-err><![CDATA[]]></system-err>
</testsuite>
