<?xml version="1.0" encoding="UTF-8"?>
<testsuite name="com.ilcarro.qa.tests.LoginTests" tests="1" skipped="0" failures="0" errors="0" timestamp="2020-11-04T17:15:46" hostname="DESKTOP-S1IE1UQ" time="4.928">
  <properties/>
  <testcase name="loginRegisteredUserPositiveTest" classname="com.ilcarro.qa.tests.LoginTests" time="4.928"/>
  <system-out><![CDATA[19:15:40 [Test worker] INFO  com.ilcarro.qa.tests.TestBase - Start test loginRegisteredUserPositiveTest with data: []
19:15:40 [Test worker] INFO  c.i.q.f.ApplicationManager$MyListener - Start search By.cssSelector: .Login_login__right_block__1niYm...
19:15:43 [Test worker] INFO  c.i.q.f.ApplicationManager$MyListener - By.cssSelector: .Login_login__right_block__1niYmfound.
19:15:43 [Test worker] INFO  c.i.q.f.ApplicationManager$MyListener - Start search By.xpath: //a[contains(., 'logOut')]...
19:15:46 [Test worker] INFO  c.i.q.f.ApplicationManager$MyListener - By.xpath: //a[contains(., 'logOut')]found.
19:15:46 [Test worker] INFO  c.i.q.f.ApplicationManager$MyListener - Start search By.cssSelector: [href='/login']...
19:15:46 [Test worker] INFO  c.i.q.f.ApplicationManager$MyListener - By.cssSelector: [href='/login']found.
19:15:46 [Test worker] INFO  c.i.q.f.ApplicationManager$MyListener - Start search By.name: email...
19:15:47 [Test worker] INFO  c.i.q.f.ApplicationManager$MyListener - By.name: emailfound.
19:15:47 [Test worker] INFO  c.i.q.f.ApplicationManager$MyListener - Start search By.name: email...
19:15:47 [Test worker] INFO  c.i.q.f.ApplicationManager$MyListener - By.name: emailfound.
19:15:47 [Test worker] INFO  c.i.q.f.ApplicationManager$MyListener - Start search By.name: email...
19:15:47 [Test worker] INFO  c.i.q.f.ApplicationManager$MyListener - By.name: emailfound.
19:15:47 [Test worker] INFO  c.i.q.f.ApplicationManager$MyListener - Start search By.name: password...
19:15:47 [Test worker] INFO  c.i.q.f.ApplicationManager$MyListener - By.name: passwordfound.
19:15:47 [Test worker] INFO  c.i.q.f.ApplicationManager$MyListener - Start search By.name: password...
19:15:47 [Test worker] INFO  c.i.q.f.ApplicationManager$MyListener - By.name: passwordfound.
19:15:47 [Test worker] INFO  c.i.q.f.ApplicationManager$MyListener - Start search By.name: password...
19:15:47 [Test worker] INFO  c.i.q.f.ApplicationManager$MyListener - By.name: passwordfound.
19:15:49 [Test worker] INFO  c.i.q.f.ApplicationManager$MyListener - Start search By.cssSelector: [type='submit']...
19:15:49 [Test worker] INFO  c.i.q.f.ApplicationManager$MyListener - By.cssSelector: [type='submit']found.
19:15:51 [Test worker] INFO  c.i.q.f.ApplicationManager$MyListener - Start search By.xpath: //a[contains(., 'logOut')]...
19:15:51 [Test worker] INFO  c.i.q.f.ApplicationManager$MyListener - By.xpath: //a[contains(., 'logOut')]found.
19:15:51 [Test worker] INFO  com.ilcarro.qa.tests.TestBase - PASSED: Test method loginRegisteredUserPositiveTest
19:15:51 [Test worker] INFO  com.ilcarro.qa.tests.TestBase - Stop test 
19:15:51 [Test worker] INFO  com.ilcarro.qa.tests.TestBase - ======================================================================
]]></system-out>
  <system-err><![CDATA[]]></system-err>
</testsuite>
