<?xml version="1.0" encoding="UTF-8"?>
<testsuite name="com.ilcarro.qa.tests.AddCarTests" tests="4" skipped="0" failures="0" errors="0" timestamp="2020-11-04T17:15:51" hostname="DESKTOP-S1IE1UQ" time="37.854">
  <properties/>
  <testcase name="testFormLetTheCarWork" classname="com.ilcarro.qa.tests.AddCarTests" time="13.18"/>
  <testcase name="testFormLetTheCarWorkFromDataProvider[0](Car{serialNumber='876-99-311', brand='Skoda', model='Fabia', year='2000', price='500'})" classname="com.ilcarro.qa.tests.AddCarTests" time="9.14"/>
  <testcase name="testFormLetTheCarWorkFromDataProvider[1](Car{serialNumber='876-99-312', brand='Vaz', model='2109', year='1999', price='1000'})" classname="com.ilcarro.qa.tests.AddCarTests" time="7.64"/>
  <testcase name="testFormLetTheCarWorkFromDataProvider[2](Car{serialNumber='876-99-313', brand='Opel', model='hh', year='2020', price='28'})" classname="com.ilcarro.qa.tests.AddCarTests" time="7.881"/>
  <system-out><![CDATA[19:15:51 [Test worker] INFO  c.i.q.f.ApplicationManager$MyListener - Start search By.xpath: //a[contains(., 'logOut')]...
19:15:51 [Test worker] INFO  c.i.q.f.ApplicationManager$MyListener - By.xpath: //a[contains(., 'logOut')]found.
19:15:51 [Test worker] INFO  com.ilcarro.qa.tests.TestBase - Start test testFormLetTheCarWork with data: []
19:15:51 [Test worker] INFO  c.i.q.f.ApplicationManager$MyListener - Start search By.cssSelector: .header__nav [href='/car']...
19:15:51 [Test worker] INFO  c.i.q.f.ApplicationManager$MyListener - By.cssSelector: .header__nav [href='/car']found.
19:15:51 [Test worker] INFO  c.i.q.f.ApplicationManager$MyListener - Start search By.cssSelector: .country...
19:15:51 [Test worker] INFO  c.i.q.f.ApplicationManager$MyListener - By.cssSelector: .countryfound.
19:15:52 [Test worker] INFO  c.i.q.f.ApplicationManager$MyListener - Start search By.cssSelector: .country...
19:15:52 [Test worker] INFO  c.i.q.f.ApplicationManager$MyListener - By.cssSelector: .countryfound.
19:15:52 [Test worker] INFO  c.i.q.f.ApplicationManager$MyListener - Start search By.cssSelector: .country...
19:15:52 [Test worker] INFO  c.i.q.f.ApplicationManager$MyListener - By.cssSelector: .countryfound.
19:15:52 [Test worker] INFO  c.i.q.f.ApplicationManager$MyListener - Start search By.cssSelector: .address...
19:15:52 [Test worker] INFO  c.i.q.f.ApplicationManager$MyListener - By.cssSelector: .addressfound.
19:15:52 [Test worker] INFO  c.i.q.f.ApplicationManager$MyListener - Start search By.cssSelector: .address...
19:15:52 [Test worker] INFO  c.i.q.f.ApplicationManager$MyListener - By.cssSelector: .addressfound.
19:15:52 [Test worker] INFO  c.i.q.f.ApplicationManager$MyListener - Start search By.cssSelector: .address...
19:15:52 [Test worker] INFO  c.i.q.f.ApplicationManager$MyListener - By.cssSelector: .addressfound.
19:15:52 [Test worker] INFO  c.i.q.f.ApplicationManager$MyListener - Start search By.cssSelector: .distance_included...
19:15:52 [Test worker] INFO  c.i.q.f.ApplicationManager$MyListener - By.cssSelector: .distance_includedfound.
19:15:52 [Test worker] INFO  c.i.q.f.ApplicationManager$MyListener - Start search By.cssSelector: .distance_included...
19:15:53 [Test worker] INFO  c.i.q.f.ApplicationManager$MyListener - By.cssSelector: .distance_includedfound.
19:15:53 [Test worker] INFO  c.i.q.f.ApplicationManager$MyListener - Start search By.cssSelector: .distance_included...
19:15:53 [Test worker] INFO  c.i.q.f.ApplicationManager$MyListener - By.cssSelector: .distance_includedfound.
19:15:53 [Test worker] INFO  c.i.q.f.ApplicationManager$MyListener - Start search By.cssSelector: .serial_number...
19:15:53 [Test worker] INFO  c.i.q.f.ApplicationManager$MyListener - By.cssSelector: .serial_numberfound.
19:15:53 [Test worker] INFO  c.i.q.f.ApplicationManager$MyListener - Start search By.cssSelector: .serial_number...
19:15:53 [Test worker] INFO  c.i.q.f.ApplicationManager$MyListener - By.cssSelector: .serial_numberfound.
19:15:53 [Test worker] INFO  c.i.q.f.ApplicationManager$MyListener - Start search By.cssSelector: .serial_number...
19:15:53 [Test worker] INFO  c.i.q.f.ApplicationManager$MyListener - By.cssSelector: .serial_numberfound.
19:15:54 [Test worker] INFO  c.i.q.f.ApplicationManager$MyListener - Start search By.cssSelector: .brand...
19:15:54 [Test worker] INFO  c.i.q.f.ApplicationManager$MyListener - By.cssSelector: .brandfound.
19:15:54 [Test worker] INFO  c.i.q.f.ApplicationManager$MyListener - Start search By.cssSelector: .brand...
19:15:54 [Test worker] INFO  c.i.q.f.ApplicationManager$MyListener - By.cssSelector: .brandfound.
19:15:54 [Test worker] INFO  c.i.q.f.ApplicationManager$MyListener - Start search By.cssSelector: .brand...
19:15:54 [Test worker] INFO  c.i.q.f.ApplicationManager$MyListener - By.cssSelector: .brandfound.
19:15:54 [Test worker] INFO  c.i.q.f.ApplicationManager$MyListener - Start search By.cssSelector: .model...
19:15:54 [Test worker] INFO  c.i.q.f.ApplicationManager$MyListener - By.cssSelector: .modelfound.
19:15:54 [Test worker] INFO  c.i.q.f.ApplicationManager$MyListener - Start search By.cssSelector: .model...
19:15:54 [Test worker] INFO  c.i.q.f.ApplicationManager$MyListener - By.cssSelector: .modelfound.
19:15:54 [Test worker] INFO  c.i.q.f.ApplicationManager$MyListener - Start search By.cssSelector: .model...
19:15:54 [Test worker] INFO  c.i.q.f.ApplicationManager$MyListener - By.cssSelector: .modelfound.
19:15:55 [Test worker] INFO  c.i.q.f.ApplicationManager$MyListener - Start search By.cssSelector: .year...
19:15:55 [Test worker] INFO  c.i.q.f.ApplicationManager$MyListener - By.cssSelector: .yearfound.
19:15:55 [Test worker] INFO  c.i.q.f.ApplicationManager$MyListener - Start search By.cssSelector: .year...
19:15:55 [Test worker] INFO  c.i.q.f.ApplicationManager$MyListener - By.cssSelector: .yearfound.
19:15:55 [Test worker] INFO  c.i.q.f.ApplicationManager$MyListener - Start search By.cssSelector: .year...
19:15:55 [Test worker] INFO  c.i.q.f.ApplicationManager$MyListener - By.cssSelector: .yearfound.
19:15:55 [Test worker] INFO  c.i.q.f.ApplicationManager$MyListener - Start search By.cssSelector: .engine...
19:15:55 [Test worker] INFO  c.i.q.f.ApplicationManager$MyListener - By.cssSelector: .enginefound.
19:15:56 [Test worker] INFO  c.i.q.f.ApplicationManager$MyListener - Start search By.cssSelector: .engine...
19:15:56 [Test worker] INFO  c.i.q.f.ApplicationManager$MyListener - By.cssSelector: .enginefound.
19:15:56 [Test worker] INFO  c.i.q.f.ApplicationManager$MyListener - Start search By.cssSelector: .engine...
19:15:56 [Test worker] INFO  c.i.q.f.ApplicationManager$MyListener - By.cssSelector: .enginefound.
19:15:56 [Test worker] INFO  c.i.q.f.ApplicationManager$MyListener - Start search By.cssSelector: .fuel_consumption...
19:15:56 [Test worker] INFO  c.i.q.f.ApplicationManager$MyListener - By.cssSelector: .fuel_consumptionfound.
19:15:56 [Test worker] INFO  c.i.q.f.ApplicationManager$MyListener - Start search By.cssSelector: .fuel_consumption...
19:15:56 [Test worker] INFO  c.i.q.f.ApplicationManager$MyListener - By.cssSelector: .fuel_consumptionfound.
19:15:56 [Test worker] INFO  c.i.q.f.ApplicationManager$MyListener - Start search By.cssSelector: .fuel_consumption...
19:15:56 [Test worker] INFO  c.i.q.f.ApplicationManager$MyListener - By.cssSelector: .fuel_consumptionfound.
19:15:57 [Test worker] INFO  c.i.q.f.ApplicationManager$MyListener - Start search By.cssSelector: .fuel...
19:15:57 [Test worker] INFO  c.i.q.f.ApplicationManager$MyListener - By.cssSelector: .fuelfound.
19:15:57 [Test worker] INFO  c.i.q.f.ApplicationManager$MyListener - Start search By.cssSelector: .fuel...
19:15:57 [Test worker] INFO  c.i.q.f.ApplicationManager$MyListener - By.cssSelector: .fuelfound.
19:15:57 [Test worker] INFO  c.i.q.f.ApplicationManager$MyListener - Start search By.cssSelector: .fuel...
19:15:57 [Test worker] INFO  c.i.q.f.ApplicationManager$MyListener - By.cssSelector: .fuelfound.
19:15:57 [Test worker] INFO  c.i.q.f.ApplicationManager$MyListener - Start search By.cssSelector: .transmition...
19:15:57 [Test worker] INFO  c.i.q.f.ApplicationManager$MyListener - By.cssSelector: .transmitionfound.
19:15:57 [Test worker] INFO  c.i.q.f.ApplicationManager$MyListener - Start search By.cssSelector: .transmition...
19:15:57 [Test worker] INFO  c.i.q.f.ApplicationManager$MyListener - By.cssSelector: .transmitionfound.
19:15:57 [Test worker] INFO  c.i.q.f.ApplicationManager$MyListener - Start search By.cssSelector: .transmition...
19:15:58 [Test worker] INFO  c.i.q.f.ApplicationManager$MyListener - By.cssSelector: .transmitionfound.
19:15:58 [Test worker] INFO  c.i.q.f.ApplicationManager$MyListener - Start search By.cssSelector: .wd...
19:15:58 [Test worker] INFO  c.i.q.f.ApplicationManager$MyListener - By.cssSelector: .wdfound.
19:15:58 [Test worker] INFO  c.i.q.f.ApplicationManager$MyListener - Start search By.cssSelector: .wd...
19:15:58 [Test worker] INFO  c.i.q.f.ApplicationManager$MyListener - By.cssSelector: .wdfound.
19:15:58 [Test worker] INFO  c.i.q.f.ApplicationManager$MyListener - Start search By.cssSelector: .wd...
19:15:58 [Test worker] INFO  c.i.q.f.ApplicationManager$MyListener - By.cssSelector: .wdfound.
19:15:58 [Test worker] INFO  c.i.q.f.ApplicationManager$MyListener - Start search By.cssSelector: .horsepower...
19:15:58 [Test worker] INFO  c.i.q.f.ApplicationManager$MyListener - By.cssSelector: .horsepowerfound.
19:15:58 [Test worker] INFO  c.i.q.f.ApplicationManager$MyListener - Start search By.cssSelector: .horsepower...
19:15:58 [Test worker] INFO  c.i.q.f.ApplicationManager$MyListener - By.cssSelector: .horsepowerfound.
19:15:58 [Test worker] INFO  c.i.q.f.ApplicationManager$MyListener - Start search By.cssSelector: .horsepower...
19:15:58 [Test worker] INFO  c.i.q.f.ApplicationManager$MyListener - By.cssSelector: .horsepowerfound.
19:15:59 [Test worker] INFO  c.i.q.f.ApplicationManager$MyListener - Start search By.cssSelector: .torque...
19:15:59 [Test worker] INFO  c.i.q.f.ApplicationManager$MyListener - By.cssSelector: .torquefound.
19:15:59 [Test worker] INFO  c.i.q.f.ApplicationManager$MyListener - Start search By.cssSelector: .torque...
19:15:59 [Test worker] INFO  c.i.q.f.ApplicationManager$MyListener - By.cssSelector: .torquefound.
19:15:59 [Test worker] INFO  c.i.q.f.ApplicationManager$MyListener - Start search By.cssSelector: .torque...
19:15:59 [Test worker] INFO  c.i.q.f.ApplicationManager$MyListener - By.cssSelector: .torquefound.
19:15:59 [Test worker] INFO  c.i.q.f.ApplicationManager$MyListener - Start search By.cssSelector: .doors...
19:15:59 [Test worker] INFO  c.i.q.f.ApplicationManager$MyListener - By.cssSelector: .doorsfound.
19:15:59 [Test worker] INFO  c.i.q.f.ApplicationManager$MyListener - Start search By.cssSelector: .doors...
19:15:59 [Test worker] INFO  c.i.q.f.ApplicationManager$MyListener - By.cssSelector: .doorsfound.
19:15:59 [Test worker] INFO  c.i.q.f.ApplicationManager$MyListener - Start search By.cssSelector: .doors...
19:15:59 [Test worker] INFO  c.i.q.f.ApplicationManager$MyListener - By.cssSelector: .doorsfound.
19:15:59 [Test worker] INFO  c.i.q.f.ApplicationManager$MyListener - Start search By.cssSelector: .seats...
19:15:59 [Test worker] INFO  c.i.q.f.ApplicationManager$MyListener - By.cssSelector: .seatsfound.
19:15:59 [Test worker] INFO  c.i.q.f.ApplicationManager$MyListener - Start search By.cssSelector: .seats...
19:15:59 [Test worker] INFO  c.i.q.f.ApplicationManager$MyListener - By.cssSelector: .seatsfound.
19:15:59 [Test worker] INFO  c.i.q.f.ApplicationManager$MyListener - Start search By.cssSelector: .seats...
19:15:59 [Test worker] INFO  c.i.q.f.ApplicationManager$MyListener - By.cssSelector: .seatsfound.
19:16:00 [Test worker] INFO  c.i.q.f.ApplicationManager$MyListener - Start search By.cssSelector: .class...
19:16:00 [Test worker] INFO  c.i.q.f.ApplicationManager$MyListener - By.cssSelector: .classfound.
19:16:00 [Test worker] INFO  c.i.q.f.ApplicationManager$MyListener - Start search By.cssSelector: .class...
19:16:00 [Test worker] INFO  c.i.q.f.ApplicationManager$MyListener - By.cssSelector: .classfound.
19:16:00 [Test worker] INFO  c.i.q.f.ApplicationManager$MyListener - Start search By.cssSelector: .class...
19:16:00 [Test worker] INFO  c.i.q.f.ApplicationManager$MyListener - By.cssSelector: .classfound.
19:16:00 [Test worker] INFO  c.i.q.f.ApplicationManager$MyListener - Start search By.name: about...
19:16:00 [Test worker] INFO  c.i.q.f.ApplicationManager$MyListener - By.name: aboutfound.
19:16:00 [Test worker] INFO  c.i.q.f.ApplicationManager$MyListener - Start search By.name: about...
19:16:00 [Test worker] INFO  c.i.q.f.ApplicationManager$MyListener - By.name: aboutfound.
19:16:00 [Test worker] INFO  c.i.q.f.ApplicationManager$MyListener - Start search By.name: about...
19:16:00 [Test worker] INFO  c.i.q.f.ApplicationManager$MyListener - By.name: aboutfound.
19:16:01 [Test worker] INFO  c.i.q.f.ApplicationManager$MyListener - Start search By.cssSelector: .type_feature...
19:16:01 [Test worker] INFO  c.i.q.f.ApplicationManager$MyListener - By.cssSelector: .type_featurefound.
19:16:01 [Test worker] INFO  c.i.q.f.ApplicationManager$MyListener - Start search By.cssSelector: .type_feature...
19:16:01 [Test worker] INFO  c.i.q.f.ApplicationManager$MyListener - By.cssSelector: .type_featurefound.
19:16:01 [Test worker] INFO  c.i.q.f.ApplicationManager$MyListener - Start search By.cssSelector: .type_feature...
19:16:01 [Test worker] INFO  c.i.q.f.ApplicationManager$MyListener - By.cssSelector: .type_featurefound.
19:16:02 [Test worker] INFO  c.i.q.f.ApplicationManager$MyListener - Start search By.cssSelector: .price...
19:16:02 [Test worker] INFO  c.i.q.f.ApplicationManager$MyListener - By.cssSelector: .pricefound.
19:16:02 [Test worker] INFO  c.i.q.f.ApplicationManager$MyListener - Start search By.cssSelector: .price...
19:16:02 [Test worker] INFO  c.i.q.f.ApplicationManager$MyListener - By.cssSelector: .pricefound.
19:16:02 [Test worker] INFO  c.i.q.f.ApplicationManager$MyListener - Start search By.cssSelector: .price...
19:16:02 [Test worker] INFO  c.i.q.f.ApplicationManager$MyListener - By.cssSelector: .pricefound.
19:16:04 [Test worker] INFO  c.i.q.f.ApplicationManager$MyListener - Start search By.cssSelector: [type='submit']...
19:16:04 [Test worker] INFO  c.i.q.f.ApplicationManager$MyListener - By.cssSelector: [type='submit']found.
19:16:04 [Test worker] INFO  com.ilcarro.qa.tests.TestBase - PASSED: Test method testFormLetTheCarWork
19:16:04 [Test worker] INFO  com.ilcarro.qa.tests.TestBase - Stop test 
19:16:04 [Test worker] INFO  com.ilcarro.qa.tests.TestBase - ======================================================================
19:16:04 [Test worker] INFO  com.ilcarro.qa.tests.TestBase - Start test testFormLetTheCarWorkFromDataProvider with data: [Car{serialNumber='876-99-311', brand='Skoda', model='Fabia', year='2000', price='500'}]
19:16:04 [Test worker] INFO  c.i.q.f.ApplicationManager$MyListener - Start search By.cssSelector: .header__nav [href='/car']...
19:16:04 [Test worker] INFO  c.i.q.f.ApplicationManager$MyListener - By.cssSelector: .header__nav [href='/car']found.
19:16:05 [Test worker] INFO  c.i.q.f.ApplicationManager$MyListener - Start search By.cssSelector: .country...
19:16:05 [Test worker] INFO  c.i.q.f.ApplicationManager$MyListener - By.cssSelector: .countryfound.
19:16:05 [Test worker] INFO  c.i.q.f.ApplicationManager$MyListener - Start search By.cssSelector: .country...
19:16:05 [Test worker] INFO  c.i.q.f.ApplicationManager$MyListener - By.cssSelector: .countryfound.
19:16:05 [Test worker] INFO  c.i.q.f.ApplicationManager$MyListener - Start search By.cssSelector: .country...
19:16:05 [Test worker] INFO  c.i.q.f.ApplicationManager$MyListener - By.cssSelector: .countryfound.
19:16:05 [Test worker] INFO  c.i.q.f.ApplicationManager$MyListener - Start search By.cssSelector: .address...
19:16:05 [Test worker] INFO  c.i.q.f.ApplicationManager$MyListener - By.cssSelector: .addressfound.
19:16:05 [Test worker] INFO  c.i.q.f.ApplicationManager$MyListener - Start search By.cssSelector: .address...
19:16:05 [Test worker] INFO  c.i.q.f.ApplicationManager$MyListener - By.cssSelector: .addressfound.
19:16:05 [Test worker] INFO  c.i.q.f.ApplicationManager$MyListener - Start search By.cssSelector: .address...
19:16:05 [Test worker] INFO  c.i.q.f.ApplicationManager$MyListener - By.cssSelector: .addressfound.
19:16:06 [Test worker] INFO  c.i.q.f.ApplicationManager$MyListener - Start search By.cssSelector: .distance_included...
19:16:06 [Test worker] INFO  c.i.q.f.ApplicationManager$MyListener - By.cssSelector: .distance_includedfound.
19:16:06 [Test worker] INFO  c.i.q.f.ApplicationManager$MyListener - Start search By.cssSelector: .distance_included...
19:16:06 [Test worker] INFO  c.i.q.f.ApplicationManager$MyListener - By.cssSelector: .distance_includedfound.
19:16:06 [Test worker] INFO  c.i.q.f.ApplicationManager$MyListener - Start search By.cssSelector: .distance_included...
19:16:06 [Test worker] INFO  c.i.q.f.ApplicationManager$MyListener - By.cssSelector: .distance_includedfound.
19:16:06 [Test worker] INFO  c.i.q.f.ApplicationManager$MyListener - Start search By.cssSelector: .serial_number...
19:16:06 [Test worker] INFO  c.i.q.f.ApplicationManager$MyListener - By.cssSelector: .serial_numberfound.
19:16:06 [Test worker] INFO  c.i.q.f.ApplicationManager$MyListener - Start search By.cssSelector: .serial_number...
19:16:06 [Test worker] INFO  c.i.q.f.ApplicationManager$MyListener - By.cssSelector: .serial_numberfound.
19:16:06 [Test worker] INFO  c.i.q.f.ApplicationManager$MyListener - Start search By.cssSelector: .serial_number...
19:16:06 [Test worker] INFO  c.i.q.f.ApplicationManager$MyListener - By.cssSelector: .serial_numberfound.
19:16:06 [Test worker] INFO  c.i.q.f.ApplicationManager$MyListener - Start search By.cssSelector: .brand...
19:16:06 [Test worker] INFO  c.i.q.f.ApplicationManager$MyListener - By.cssSelector: .brandfound.
19:16:06 [Test worker] INFO  c.i.q.f.ApplicationManager$MyListener - Start search By.cssSelector: .brand...
19:16:06 [Test worker] INFO  c.i.q.f.ApplicationManager$MyListener - By.cssSelector: .brandfound.
19:16:06 [Test worker] INFO  c.i.q.f.ApplicationManager$MyListener - Start search By.cssSelector: .brand...
19:16:07 [Test worker] INFO  c.i.q.f.ApplicationManager$MyListener - By.cssSelector: .brandfound.
19:16:07 [Test worker] INFO  c.i.q.f.ApplicationManager$MyListener - Start search By.cssSelector: .model...
19:16:07 [Test worker] INFO  c.i.q.f.ApplicationManager$MyListener - By.cssSelector: .modelfound.
19:16:07 [Test worker] INFO  c.i.q.f.ApplicationManager$MyListener - Start search By.cssSelector: .model...
19:16:07 [Test worker] INFO  c.i.q.f.ApplicationManager$MyListener - By.cssSelector: .modelfound.
19:16:07 [Test worker] INFO  c.i.q.f.ApplicationManager$MyListener - Start search By.cssSelector: .model...
19:16:07 [Test worker] INFO  c.i.q.f.ApplicationManager$MyListener - By.cssSelector: .modelfound.
19:16:07 [Test worker] INFO  c.i.q.f.ApplicationManager$MyListener - Start search By.cssSelector: .year...
19:16:07 [Test worker] INFO  c.i.q.f.ApplicationManager$MyListener - By.cssSelector: .yearfound.
19:16:07 [Test worker] INFO  c.i.q.f.ApplicationManager$MyListener - Start search By.cssSelector: .year...
19:16:07 [Test worker] INFO  c.i.q.f.ApplicationManager$MyListener - By.cssSelector: .yearfound.
19:16:07 [Test worker] INFO  c.i.q.f.ApplicationManager$MyListener - Start search By.cssSelector: .year...
19:16:07 [Test worker] INFO  c.i.q.f.ApplicationManager$MyListener - By.cssSelector: .yearfound.
19:16:07 [Test worker] INFO  c.i.q.f.ApplicationManager$MyListener - Start search By.cssSelector: .engine...
19:16:07 [Test worker] INFO  c.i.q.f.ApplicationManager$MyListener - By.cssSelector: .enginefound.
19:16:07 [Test worker] INFO  c.i.q.f.ApplicationManager$MyListener - Start search By.cssSelector: .engine...
19:16:07 [Test worker] INFO  c.i.q.f.ApplicationManager$MyListener - By.cssSelector: .enginefound.
19:16:07 [Test worker] INFO  c.i.q.f.ApplicationManager$MyListener - Start search By.cssSelector: .engine...
19:16:07 [Test worker] INFO  c.i.q.f.ApplicationManager$MyListener - By.cssSelector: .enginefound.
19:16:08 [Test worker] INFO  c.i.q.f.ApplicationManager$MyListener - Start search By.cssSelector: .fuel_consumption...
19:16:08 [Test worker] INFO  c.i.q.f.ApplicationManager$MyListener - By.cssSelector: .fuel_consumptionfound.
19:16:08 [Test worker] INFO  c.i.q.f.ApplicationManager$MyListener - Start search By.cssSelector: .fuel_consumption...
19:16:08 [Test worker] INFO  c.i.q.f.ApplicationManager$MyListener - By.cssSelector: .fuel_consumptionfound.
19:16:08 [Test worker] INFO  c.i.q.f.ApplicationManager$MyListener - Start search By.cssSelector: .fuel_consumption...
19:16:08 [Test worker] INFO  c.i.q.f.ApplicationManager$MyListener - By.cssSelector: .fuel_consumptionfound.
19:16:08 [Test worker] INFO  c.i.q.f.ApplicationManager$MyListener - Start search By.cssSelector: .fuel...
19:16:08 [Test worker] INFO  c.i.q.f.ApplicationManager$MyListener - By.cssSelector: .fuelfound.
19:16:08 [Test worker] INFO  c.i.q.f.ApplicationManager$MyListener - Start search By.cssSelector: .fuel...
19:16:08 [Test worker] INFO  c.i.q.f.ApplicationManager$MyListener - By.cssSelector: .fuelfound.
19:16:08 [Test worker] INFO  c.i.q.f.ApplicationManager$MyListener - Start search By.cssSelector: .fuel...
19:16:08 [Test worker] INFO  c.i.q.f.ApplicationManager$MyListener - By.cssSelector: .fuelfound.
19:16:08 [Test worker] INFO  c.i.q.f.ApplicationManager$MyListener - Start search By.cssSelector: .transmition...
19:16:08 [Test worker] INFO  c.i.q.f.ApplicationManager$MyListener - By.cssSelector: .transmitionfound.
19:16:08 [Test worker] INFO  c.i.q.f.ApplicationManager$MyListener - Start search By.cssSelector: .transmition...
19:16:08 [Test worker] INFO  c.i.q.f.ApplicationManager$MyListener - By.cssSelector: .transmitionfound.
19:16:08 [Test worker] INFO  c.i.q.f.ApplicationManager$MyListener - Start search By.cssSelector: .transmition...
19:16:09 [Test worker] INFO  c.i.q.f.ApplicationManager$MyListener - By.cssSelector: .transmitionfound.
19:16:09 [Test worker] INFO  c.i.q.f.ApplicationManager$MyListener - Start search By.cssSelector: .wd...
19:16:09 [Test worker] INFO  c.i.q.f.ApplicationManager$MyListener - By.cssSelector: .wdfound.
19:16:09 [Test worker] INFO  c.i.q.f.ApplicationManager$MyListener - Start search By.cssSelector: .wd...
19:16:09 [Test worker] INFO  c.i.q.f.ApplicationManager$MyListener - By.cssSelector: .wdfound.
19:16:09 [Test worker] INFO  c.i.q.f.ApplicationManager$MyListener - Start search By.cssSelector: .wd...
19:16:09 [Test worker] INFO  c.i.q.f.ApplicationManager$MyListener - By.cssSelector: .wdfound.
19:16:09 [Test worker] INFO  c.i.q.f.ApplicationManager$MyListener - Start search By.cssSelector: .horsepower...
19:16:09 [Test worker] INFO  c.i.q.f.ApplicationManager$MyListener - By.cssSelector: .horsepowerfound.
19:16:09 [Test worker] INFO  c.i.q.f.ApplicationManager$MyListener - Start search By.cssSelector: .horsepower...
19:16:09 [Test worker] INFO  c.i.q.f.ApplicationManager$MyListener - By.cssSelector: .horsepowerfound.
19:16:09 [Test worker] INFO  c.i.q.f.ApplicationManager$MyListener - Start search By.cssSelector: .horsepower...
19:16:09 [Test worker] INFO  c.i.q.f.ApplicationManager$MyListener - By.cssSelector: .horsepowerfound.
19:16:09 [Test worker] INFO  c.i.q.f.ApplicationManager$MyListener - Start search By.cssSelector: .torque...
19:16:09 [Test worker] INFO  c.i.q.f.ApplicationManager$MyListener - By.cssSelector: .torquefound.
19:16:09 [Test worker] INFO  c.i.q.f.ApplicationManager$MyListener - Start search By.cssSelector: .torque...
19:16:09 [Test worker] INFO  c.i.q.f.ApplicationManager$MyListener - By.cssSelector: .torquefound.
19:16:10 [Test worker] INFO  c.i.q.f.ApplicationManager$MyListener - Start search By.cssSelector: .torque...
19:16:10 [Test worker] INFO  c.i.q.f.ApplicationManager$MyListener - By.cssSelector: .torquefound.
19:16:10 [Test worker] INFO  c.i.q.f.ApplicationManager$MyListener - Start search By.cssSelector: .doors...
19:16:10 [Test worker] INFO  c.i.q.f.ApplicationManager$MyListener - By.cssSelector: .doorsfound.
19:16:10 [Test worker] INFO  c.i.q.f.ApplicationManager$MyListener - Start search By.cssSelector: .doors...
19:16:10 [Test worker] INFO  c.i.q.f.ApplicationManager$MyListener - By.cssSelector: .doorsfound.
19:16:10 [Test worker] INFO  c.i.q.f.ApplicationManager$MyListener - Start search By.cssSelector: .doors...
19:16:10 [Test worker] INFO  c.i.q.f.ApplicationManager$MyListener - By.cssSelector: .doorsfound.
19:16:10 [Test worker] INFO  c.i.q.f.ApplicationManager$MyListener - Start search By.cssSelector: .seats...
19:16:10 [Test worker] INFO  c.i.q.f.ApplicationManager$MyListener - By.cssSelector: .seatsfound.
19:16:10 [Test worker] INFO  c.i.q.f.ApplicationManager$MyListener - Start search By.cssSelector: .seats...
19:16:10 [Test worker] INFO  c.i.q.f.ApplicationManager$MyListener - By.cssSelector: .seatsfound.
19:16:10 [Test worker] INFO  c.i.q.f.ApplicationManager$MyListener - Start search By.cssSelector: .seats...
19:16:10 [Test worker] INFO  c.i.q.f.ApplicationManager$MyListener - By.cssSelector: .seatsfound.
19:16:10 [Test worker] INFO  c.i.q.f.ApplicationManager$MyListener - Start search By.cssSelector: .class...
19:16:10 [Test worker] INFO  c.i.q.f.ApplicationManager$MyListener - By.cssSelector: .classfound.
19:16:10 [Test worker] INFO  c.i.q.f.ApplicationManager$MyListener - Start search By.cssSelector: .class...
19:16:10 [Test worker] INFO  c.i.q.f.ApplicationManager$MyListener - By.cssSelector: .classfound.
19:16:10 [Test worker] INFO  c.i.q.f.ApplicationManager$MyListener - Start search By.cssSelector: .class...
19:16:10 [Test worker] INFO  c.i.q.f.ApplicationManager$MyListener - By.cssSelector: .classfound.
19:16:11 [Test worker] INFO  c.i.q.f.ApplicationManager$MyListener - Start search By.name: about...
19:16:11 [Test worker] INFO  c.i.q.f.ApplicationManager$MyListener - By.name: aboutfound.
19:16:11 [Test worker] INFO  c.i.q.f.ApplicationManager$MyListener - Start search By.name: about...
19:16:11 [Test worker] INFO  c.i.q.f.ApplicationManager$MyListener - By.name: aboutfound.
19:16:11 [Test worker] INFO  c.i.q.f.ApplicationManager$MyListener - Start search By.name: about...
19:16:11 [Test worker] INFO  c.i.q.f.ApplicationManager$MyListener - By.name: aboutfound.
19:16:11 [Test worker] INFO  c.i.q.f.ApplicationManager$MyListener - Start search By.cssSelector: .type_feature...
19:16:11 [Test worker] INFO  c.i.q.f.ApplicationManager$MyListener - By.cssSelector: .type_featurefound.
19:16:11 [Test worker] INFO  c.i.q.f.ApplicationManager$MyListener - Start search By.cssSelector: .type_feature...
19:16:11 [Test worker] INFO  c.i.q.f.ApplicationManager$MyListener - By.cssSelector: .type_featurefound.
19:16:11 [Test worker] INFO  c.i.q.f.ApplicationManager$MyListener - Start search By.cssSelector: .type_feature...
19:16:11 [Test worker] INFO  c.i.q.f.ApplicationManager$MyListener - By.cssSelector: .type_featurefound.
19:16:11 [Test worker] INFO  c.i.q.f.ApplicationManager$MyListener - Start search By.cssSelector: .price...
19:16:11 [Test worker] INFO  c.i.q.f.ApplicationManager$MyListener - By.cssSelector: .pricefound.
19:16:11 [Test worker] INFO  c.i.q.f.ApplicationManager$MyListener - Start search By.cssSelector: .price...
19:16:11 [Test worker] INFO  c.i.q.f.ApplicationManager$MyListener - By.cssSelector: .pricefound.
19:16:11 [Test worker] INFO  c.i.q.f.ApplicationManager$MyListener - Start search By.cssSelector: .price...
19:16:11 [Test worker] INFO  c.i.q.f.ApplicationManager$MyListener - By.cssSelector: .pricefound.
19:16:13 [Test worker] INFO  c.i.q.f.ApplicationManager$MyListener - Start search By.cssSelector: [type='submit']...
19:16:13 [Test worker] INFO  c.i.q.f.ApplicationManager$MyListener - By.cssSelector: [type='submit']found.
19:16:14 [Test worker] INFO  com.ilcarro.qa.tests.TestBase - PASSED: Test method testFormLetTheCarWorkFromDataProvider
19:16:14 [Test worker] INFO  com.ilcarro.qa.tests.TestBase - Stop test 
19:16:14 [Test worker] INFO  com.ilcarro.qa.tests.TestBase - ======================================================================
19:16:14 [Test worker] INFO  com.ilcarro.qa.tests.TestBase - Start test testFormLetTheCarWorkFromDataProvider with data: [Car{serialNumber='876-99-312', brand='Vaz', model='2109', year='1999', price='1000'}]
19:16:14 [Test worker] INFO  c.i.q.f.ApplicationManager$MyListener - Start search By.cssSelector: .header__nav [href='/car']...
19:16:14 [Test worker] INFO  c.i.q.f.ApplicationManager$MyListener - By.cssSelector: .header__nav [href='/car']found.
19:16:14 [Test worker] INFO  c.i.q.f.ApplicationManager$MyListener - Start search By.cssSelector: .country...
19:16:14 [Test worker] INFO  c.i.q.f.ApplicationManager$MyListener - By.cssSelector: .countryfound.
19:16:14 [Test worker] INFO  c.i.q.f.ApplicationManager$MyListener - Start search By.cssSelector: .country...
19:16:14 [Test worker] INFO  c.i.q.f.ApplicationManager$MyListener - By.cssSelector: .countryfound.
19:16:14 [Test worker] INFO  c.i.q.f.ApplicationManager$MyListener - Start search By.cssSelector: .country...
19:16:14 [Test worker] INFO  c.i.q.f.ApplicationManager$MyListener - By.cssSelector: .countryfound.
19:16:14 [Test worker] INFO  c.i.q.f.ApplicationManager$MyListener - Start search By.cssSelector: .address...
19:16:14 [Test worker] INFO  c.i.q.f.ApplicationManager$MyListener - By.cssSelector: .addressfound.
19:16:14 [Test worker] INFO  c.i.q.f.ApplicationManager$MyListener - Start search By.cssSelector: .address...
19:16:14 [Test worker] INFO  c.i.q.f.ApplicationManager$MyListener - By.cssSelector: .addressfound.
19:16:14 [Test worker] INFO  c.i.q.f.ApplicationManager$MyListener - Start search By.cssSelector: .address...
19:16:14 [Test worker] INFO  c.i.q.f.ApplicationManager$MyListener - By.cssSelector: .addressfound.
19:16:15 [Test worker] INFO  c.i.q.f.ApplicationManager$MyListener - Start search By.cssSelector: .distance_included...
19:16:15 [Test worker] INFO  c.i.q.f.ApplicationManager$MyListener - By.cssSelector: .distance_includedfound.
19:16:15 [Test worker] INFO  c.i.q.f.ApplicationManager$MyListener - Start search By.cssSelector: .distance_included...
19:16:15 [Test worker] INFO  c.i.q.f.ApplicationManager$MyListener - By.cssSelector: .distance_includedfound.
19:16:15 [Test worker] INFO  c.i.q.f.ApplicationManager$MyListener - Start search By.cssSelector: .distance_included...
19:16:15 [Test worker] INFO  c.i.q.f.ApplicationManager$MyListener - By.cssSelector: .distance_includedfound.
19:16:15 [Test worker] INFO  c.i.q.f.ApplicationManager$MyListener - Start search By.cssSelector: .serial_number...
19:16:15 [Test worker] INFO  c.i.q.f.ApplicationManager$MyListener - By.cssSelector: .serial_numberfound.
19:16:15 [Test worker] INFO  c.i.q.f.ApplicationManager$MyListener - Start search By.cssSelector: .serial_number...
19:16:15 [Test worker] INFO  c.i.q.f.ApplicationManager$MyListener - By.cssSelector: .serial_numberfound.
19:16:15 [Test worker] INFO  c.i.q.f.ApplicationManager$MyListener - Start search By.cssSelector: .serial_number...
19:16:15 [Test worker] INFO  c.i.q.f.ApplicationManager$MyListener - By.cssSelector: .serial_numberfound.
19:16:15 [Test worker] INFO  c.i.q.f.ApplicationManager$MyListener - Start search By.cssSelector: .brand...
19:16:15 [Test worker] INFO  c.i.q.f.ApplicationManager$MyListener - By.cssSelector: .brandfound.
19:16:15 [Test worker] INFO  c.i.q.f.ApplicationManager$MyListener - Start search By.cssSelector: .brand...
19:16:15 [Test worker] INFO  c.i.q.f.ApplicationManager$MyListener - By.cssSelector: .brandfound.
19:16:15 [Test worker] INFO  c.i.q.f.ApplicationManager$MyListener - Start search By.cssSelector: .brand...
19:16:15 [Test worker] INFO  c.i.q.f.ApplicationManager$MyListener - By.cssSelector: .brandfound.
19:16:15 [Test worker] INFO  c.i.q.f.ApplicationManager$MyListener - Start search By.cssSelector: .model...
19:16:15 [Test worker] INFO  c.i.q.f.ApplicationManager$MyListener - By.cssSelector: .modelfound.
19:16:15 [Test worker] INFO  c.i.q.f.ApplicationManager$MyListener - Start search By.cssSelector: .model...
19:16:15 [Test worker] INFO  c.i.q.f.ApplicationManager$MyListener - By.cssSelector: .modelfound.
19:16:15 [Test worker] INFO  c.i.q.f.ApplicationManager$MyListener - Start search By.cssSelector: .model...
19:16:15 [Test worker] INFO  c.i.q.f.ApplicationManager$MyListener - By.cssSelector: .modelfound.
19:16:16 [Test worker] INFO  c.i.q.f.ApplicationManager$MyListener - Start search By.cssSelector: .year...
19:16:16 [Test worker] INFO  c.i.q.f.ApplicationManager$MyListener - By.cssSelector: .yearfound.
19:16:16 [Test worker] INFO  c.i.q.f.ApplicationManager$MyListener - Start search By.cssSelector: .year...
19:16:16 [Test worker] INFO  c.i.q.f.ApplicationManager$MyListener - By.cssSelector: .yearfound.
19:16:16 [Test worker] INFO  c.i.q.f.ApplicationManager$MyListener - Start search By.cssSelector: .year...
19:16:16 [Test worker] INFO  c.i.q.f.ApplicationManager$MyListener - By.cssSelector: .yearfound.
19:16:16 [Test worker] INFO  c.i.q.f.ApplicationManager$MyListener - Start search By.cssSelector: .engine...
19:16:16 [Test worker] INFO  c.i.q.f.ApplicationManager$MyListener - By.cssSelector: .enginefound.
19:16:16 [Test worker] INFO  c.i.q.f.ApplicationManager$MyListener - Start search By.cssSelector: .engine...
19:16:16 [Test worker] INFO  c.i.q.f.ApplicationManager$MyListener - By.cssSelector: .enginefound.
19:16:16 [Test worker] INFO  c.i.q.f.ApplicationManager$MyListener - Start search By.cssSelector: .engine...
19:16:16 [Test worker] INFO  c.i.q.f.ApplicationManager$MyListener - By.cssSelector: .enginefound.
19:16:16 [Test worker] INFO  c.i.q.f.ApplicationManager$MyListener - Start search By.cssSelector: .fuel_consumption...
19:16:16 [Test worker] INFO  c.i.q.f.ApplicationManager$MyListener - By.cssSelector: .fuel_consumptionfound.
19:16:16 [Test worker] INFO  c.i.q.f.ApplicationManager$MyListener - Start search By.cssSelector: .fuel_consumption...
19:16:16 [Test worker] INFO  c.i.q.f.ApplicationManager$MyListener - By.cssSelector: .fuel_consumptionfound.
19:16:16 [Test worker] INFO  c.i.q.f.ApplicationManager$MyListener - Start search By.cssSelector: .fuel_consumption...
19:16:16 [Test worker] INFO  c.i.q.f.ApplicationManager$MyListener - By.cssSelector: .fuel_consumptionfound.
19:16:16 [Test worker] INFO  c.i.q.f.ApplicationManager$MyListener - Start search By.cssSelector: .fuel...
19:16:16 [Test worker] INFO  c.i.q.f.ApplicationManager$MyListener - By.cssSelector: .fuelfound.
19:16:16 [Test worker] INFO  c.i.q.f.ApplicationManager$MyListener - Start search By.cssSelector: .fuel...
19:16:16 [Test worker] INFO  c.i.q.f.ApplicationManager$MyListener - By.cssSelector: .fuelfound.
19:16:16 [Test worker] INFO  c.i.q.f.ApplicationManager$MyListener - Start search By.cssSelector: .fuel...
19:16:16 [Test worker] INFO  c.i.q.f.ApplicationManager$MyListener - By.cssSelector: .fuelfound.
19:16:17 [Test worker] INFO  c.i.q.f.ApplicationManager$MyListener - Start search By.cssSelector: .transmition...
19:16:17 [Test worker] INFO  c.i.q.f.ApplicationManager$MyListener - By.cssSelector: .transmitionfound.
19:16:17 [Test worker] INFO  c.i.q.f.ApplicationManager$MyListener - Start search By.cssSelector: .transmition...
19:16:17 [Test worker] INFO  c.i.q.f.ApplicationManager$MyListener - By.cssSelector: .transmitionfound.
19:16:17 [Test worker] INFO  c.i.q.f.ApplicationManager$MyListener - Start search By.cssSelector: .transmition...
19:16:17 [Test worker] INFO  c.i.q.f.ApplicationManager$MyListener - By.cssSelector: .transmitionfound.
19:16:17 [Test worker] INFO  c.i.q.f.ApplicationManager$MyListener - Start search By.cssSelector: .wd...
19:16:17 [Test worker] INFO  c.i.q.f.ApplicationManager$MyListener - By.cssSelector: .wdfound.
19:16:17 [Test worker] INFO  c.i.q.f.ApplicationManager$MyListener - Start search By.cssSelector: .wd...
19:16:17 [Test worker] INFO  c.i.q.f.ApplicationManager$MyListener - By.cssSelector: .wdfound.
19:16:17 [Test worker] INFO  c.i.q.f.ApplicationManager$MyListener - Start search By.cssSelector: .wd...
19:16:17 [Test worker] INFO  c.i.q.f.ApplicationManager$MyListener - By.cssSelector: .wdfound.
19:16:17 [Test worker] INFO  c.i.q.f.ApplicationManager$MyListener - Start search By.cssSelector: .horsepower...
19:16:17 [Test worker] INFO  c.i.q.f.ApplicationManager$MyListener - By.cssSelector: .horsepowerfound.
19:16:17 [Test worker] INFO  c.i.q.f.ApplicationManager$MyListener - Start search By.cssSelector: .horsepower...
19:16:17 [Test worker] INFO  c.i.q.f.ApplicationManager$MyListener - By.cssSelector: .horsepowerfound.
19:16:17 [Test worker] INFO  c.i.q.f.ApplicationManager$MyListener - Start search By.cssSelector: .horsepower...
19:16:17 [Test worker] INFO  c.i.q.f.ApplicationManager$MyListener - By.cssSelector: .horsepowerfound.
19:16:17 [Test worker] INFO  c.i.q.f.ApplicationManager$MyListener - Start search By.cssSelector: .torque...
19:16:17 [Test worker] INFO  c.i.q.f.ApplicationManager$MyListener - By.cssSelector: .torquefound.
19:16:17 [Test worker] INFO  c.i.q.f.ApplicationManager$MyListener - Start search By.cssSelector: .torque...
19:16:17 [Test worker] INFO  c.i.q.f.ApplicationManager$MyListener - By.cssSelector: .torquefound.
19:16:17 [Test worker] INFO  c.i.q.f.ApplicationManager$MyListener - Start search By.cssSelector: .torque...
19:16:17 [Test worker] INFO  c.i.q.f.ApplicationManager$MyListener - By.cssSelector: .torquefound.
19:16:18 [Test worker] INFO  c.i.q.f.ApplicationManager$MyListener - Start search By.cssSelector: .doors...
19:16:18 [Test worker] INFO  c.i.q.f.ApplicationManager$MyListener - By.cssSelector: .doorsfound.
19:16:18 [Test worker] INFO  c.i.q.f.ApplicationManager$MyListener - Start search By.cssSelector: .doors...
19:16:18 [Test worker] INFO  c.i.q.f.ApplicationManager$MyListener - By.cssSelector: .doorsfound.
19:16:18 [Test worker] INFO  c.i.q.f.ApplicationManager$MyListener - Start search By.cssSelector: .doors...
19:16:18 [Test worker] INFO  c.i.q.f.ApplicationManager$MyListener - By.cssSelector: .doorsfound.
19:16:18 [Test worker] INFO  c.i.q.f.ApplicationManager$MyListener - Start search By.cssSelector: .seats...
19:16:18 [Test worker] INFO  c.i.q.f.ApplicationManager$MyListener - By.cssSelector: .seatsfound.
19:16:18 [Test worker] INFO  c.i.q.f.ApplicationManager$MyListener - Start search By.cssSelector: .seats...
19:16:18 [Test worker] INFO  c.i.q.f.ApplicationManager$MyListener - By.cssSelector: .seatsfound.
19:16:18 [Test worker] INFO  c.i.q.f.ApplicationManager$MyListener - Start search By.cssSelector: .seats...
19:16:18 [Test worker] INFO  c.i.q.f.ApplicationManager$MyListener - By.cssSelector: .seatsfound.
19:16:18 [Test worker] INFO  c.i.q.f.ApplicationManager$MyListener - Start search By.cssSelector: .class...
19:16:18 [Test worker] INFO  c.i.q.f.ApplicationManager$MyListener - By.cssSelector: .classfound.
19:16:18 [Test worker] INFO  c.i.q.f.ApplicationManager$MyListener - Start search By.cssSelector: .class...
19:16:18 [Test worker] INFO  c.i.q.f.ApplicationManager$MyListener - By.cssSelector: .classfound.
19:16:18 [Test worker] INFO  c.i.q.f.ApplicationManager$MyListener - Start search By.cssSelector: .class...
19:16:18 [Test worker] INFO  c.i.q.f.ApplicationManager$MyListener - By.cssSelector: .classfound.
19:16:18 [Test worker] INFO  c.i.q.f.ApplicationManager$MyListener - Start search By.name: about...
19:16:18 [Test worker] INFO  c.i.q.f.ApplicationManager$MyListener - By.name: aboutfound.
19:16:18 [Test worker] INFO  c.i.q.f.ApplicationManager$MyListener - Start search By.name: about...
19:16:18 [Test worker] INFO  c.i.q.f.ApplicationManager$MyListener - By.name: aboutfound.
19:16:18 [Test worker] INFO  c.i.q.f.ApplicationManager$MyListener - Start search By.name: about...
19:16:18 [Test worker] INFO  c.i.q.f.ApplicationManager$MyListener - By.name: aboutfound.
19:16:19 [Test worker] INFO  c.i.q.f.ApplicationManager$MyListener - Start search By.cssSelector: .type_feature...
19:16:19 [Test worker] INFO  c.i.q.f.ApplicationManager$MyListener - By.cssSelector: .type_featurefound.
19:16:19 [Test worker] INFO  c.i.q.f.ApplicationManager$MyListener - Start search By.cssSelector: .type_feature...
19:16:19 [Test worker] INFO  c.i.q.f.ApplicationManager$MyListener - By.cssSelector: .type_featurefound.
19:16:19 [Test worker] INFO  c.i.q.f.ApplicationManager$MyListener - Start search By.cssSelector: .type_feature...
19:16:19 [Test worker] INFO  c.i.q.f.ApplicationManager$MyListener - By.cssSelector: .type_featurefound.
19:16:19 [Test worker] INFO  c.i.q.f.ApplicationManager$MyListener - Start search By.cssSelector: .price...
19:16:19 [Test worker] INFO  c.i.q.f.ApplicationManager$MyListener - By.cssSelector: .pricefound.
19:16:19 [Test worker] INFO  c.i.q.f.ApplicationManager$MyListener - Start search By.cssSelector: .price...
19:16:19 [Test worker] INFO  c.i.q.f.ApplicationManager$MyListener - By.cssSelector: .pricefound.
19:16:19 [Test worker] INFO  c.i.q.f.ApplicationManager$MyListener - Start search By.cssSelector: .price...
19:16:19 [Test worker] INFO  c.i.q.f.ApplicationManager$MyListener - By.cssSelector: .pricefound.
19:16:21 [Test worker] INFO  c.i.q.f.ApplicationManager$MyListener - Start search By.cssSelector: [type='submit']...
19:16:21 [Test worker] INFO  c.i.q.f.ApplicationManager$MyListener - By.cssSelector: [type='submit']found.
19:16:21 [Test worker] INFO  com.ilcarro.qa.tests.TestBase - PASSED: Test method testFormLetTheCarWorkFromDataProvider
19:16:21 [Test worker] INFO  com.ilcarro.qa.tests.TestBase - Stop test 
19:16:21 [Test worker] INFO  com.ilcarro.qa.tests.TestBase - ======================================================================
19:16:21 [Test worker] INFO  com.ilcarro.qa.tests.TestBase - Start test testFormLetTheCarWorkFromDataProvider with data: [Car{serialNumber='876-99-313', brand='Opel', model='hh', year='2020', price='28'}]
19:16:21 [Test worker] INFO  c.i.q.f.ApplicationManager$MyListener - Start search By.cssSelector: .header__nav [href='/car']...
19:16:21 [Test worker] INFO  c.i.q.f.ApplicationManager$MyListener - By.cssSelector: .header__nav [href='/car']found.
19:16:21 [Test worker] INFO  c.i.q.f.ApplicationManager$MyListener - Start search By.cssSelector: .country...
19:16:21 [Test worker] INFO  c.i.q.f.ApplicationManager$MyListener - By.cssSelector: .countryfound.
19:16:21 [Test worker] INFO  c.i.q.f.ApplicationManager$MyListener - Start search By.cssSelector: .country...
19:16:21 [Test worker] INFO  c.i.q.f.ApplicationManager$MyListener - By.cssSelector: .countryfound.
19:16:21 [Test worker] INFO  c.i.q.f.ApplicationManager$MyListener - Start search By.cssSelector: .country...
19:16:21 [Test worker] INFO  c.i.q.f.ApplicationManager$MyListener - By.cssSelector: .countryfound.
19:16:22 [Test worker] INFO  c.i.q.f.ApplicationManager$MyListener - Start search By.cssSelector: .address...
19:16:22 [Test worker] INFO  c.i.q.f.ApplicationManager$MyListener - By.cssSelector: .addressfound.
19:16:22 [Test worker] INFO  c.i.q.f.ApplicationManager$MyListener - Start search By.cssSelector: .address...
19:16:22 [Test worker] INFO  c.i.q.f.ApplicationManager$MyListener - By.cssSelector: .addressfound.
19:16:22 [Test worker] INFO  c.i.q.f.ApplicationManager$MyListener - Start search By.cssSelector: .address...
19:16:22 [Test worker] INFO  c.i.q.f.ApplicationManager$MyListener - By.cssSelector: .addressfound.
19:16:22 [Test worker] INFO  c.i.q.f.ApplicationManager$MyListener - Start search By.cssSelector: .distance_included...
19:16:22 [Test worker] INFO  c.i.q.f.ApplicationManager$MyListener - By.cssSelector: .distance_includedfound.
19:16:22 [Test worker] INFO  c.i.q.f.ApplicationManager$MyListener - Start search By.cssSelector: .distance_included...
19:16:22 [Test worker] INFO  c.i.q.f.ApplicationManager$MyListener - By.cssSelector: .distance_includedfound.
19:16:22 [Test worker] INFO  c.i.q.f.ApplicationManager$MyListener - Start search By.cssSelector: .distance_included...
19:16:22 [Test worker] INFO  c.i.q.f.ApplicationManager$MyListener - By.cssSelector: .distance_includedfound.
19:16:23 [Test worker] INFO  c.i.q.f.ApplicationManager$MyListener - Start search By.cssSelector: .serial_number...
19:16:23 [Test worker] INFO  c.i.q.f.ApplicationManager$MyListener - By.cssSelector: .serial_numberfound.
19:16:23 [Test worker] INFO  c.i.q.f.ApplicationManager$MyListener - Start search By.cssSelector: .serial_number...
19:16:23 [Test worker] INFO  c.i.q.f.ApplicationManager$MyListener - By.cssSelector: .serial_numberfound.
19:16:23 [Test worker] INFO  c.i.q.f.ApplicationManager$MyListener - Start search By.cssSelector: .serial_number...
19:16:23 [Test worker] INFO  c.i.q.f.ApplicationManager$MyListener - By.cssSelector: .serial_numberfound.
19:16:23 [Test worker] INFO  c.i.q.f.ApplicationManager$MyListener - Start search By.cssSelector: .brand...
19:16:23 [Test worker] INFO  c.i.q.f.ApplicationManager$MyListener - By.cssSelector: .brandfound.
19:16:23 [Test worker] INFO  c.i.q.f.ApplicationManager$MyListener - Start search By.cssSelector: .brand...
19:16:23 [Test worker] INFO  c.i.q.f.ApplicationManager$MyListener - By.cssSelector: .brandfound.
19:16:23 [Test worker] INFO  c.i.q.f.ApplicationManager$MyListener - Start search By.cssSelector: .brand...
19:16:23 [Test worker] INFO  c.i.q.f.ApplicationManager$MyListener - By.cssSelector: .brandfound.
19:16:23 [Test worker] INFO  c.i.q.f.ApplicationManager$MyListener - Start search By.cssSelector: .model...
19:16:23 [Test worker] INFO  c.i.q.f.ApplicationManager$MyListener - By.cssSelector: .modelfound.
19:16:23 [Test worker] INFO  c.i.q.f.ApplicationManager$MyListener - Start search By.cssSelector: .model...
19:16:23 [Test worker] INFO  c.i.q.f.ApplicationManager$MyListener - By.cssSelector: .modelfound.
19:16:23 [Test worker] INFO  c.i.q.f.ApplicationManager$MyListener - Start search By.cssSelector: .model...
19:16:23 [Test worker] INFO  c.i.q.f.ApplicationManager$MyListener - By.cssSelector: .modelfound.
19:16:23 [Test worker] INFO  c.i.q.f.ApplicationManager$MyListener - Start search By.cssSelector: .year...
19:16:23 [Test worker] INFO  c.i.q.f.ApplicationManager$MyListener - By.cssSelector: .yearfound.
19:16:23 [Test worker] INFO  c.i.q.f.ApplicationManager$MyListener - Start search By.cssSelector: .year...
19:16:23 [Test worker] INFO  c.i.q.f.ApplicationManager$MyListener - By.cssSelector: .yearfound.
19:16:23 [Test worker] INFO  c.i.q.f.ApplicationManager$MyListener - Start search By.cssSelector: .year...
19:16:23 [Test worker] INFO  c.i.q.f.ApplicationManager$MyListener - By.cssSelector: .yearfound.
19:16:24 [Test worker] INFO  c.i.q.f.ApplicationManager$MyListener - Start search By.cssSelector: .engine...
19:16:24 [Test worker] INFO  c.i.q.f.ApplicationManager$MyListener - By.cssSelector: .enginefound.
19:16:24 [Test worker] INFO  c.i.q.f.ApplicationManager$MyListener - Start search By.cssSelector: .engine...
19:16:24 [Test worker] INFO  c.i.q.f.ApplicationManager$MyListener - By.cssSelector: .enginefound.
19:16:24 [Test worker] INFO  c.i.q.f.ApplicationManager$MyListener - Start search By.cssSelector: .engine...
19:16:24 [Test worker] INFO  c.i.q.f.ApplicationManager$MyListener - By.cssSelector: .enginefound.
19:16:24 [Test worker] INFO  c.i.q.f.ApplicationManager$MyListener - Start search By.cssSelector: .fuel_consumption...
19:16:24 [Test worker] INFO  c.i.q.f.ApplicationManager$MyListener - By.cssSelector: .fuel_consumptionfound.
19:16:24 [Test worker] INFO  c.i.q.f.ApplicationManager$MyListener - Start search By.cssSelector: .fuel_consumption...
19:16:24 [Test worker] INFO  c.i.q.f.ApplicationManager$MyListener - By.cssSelector: .fuel_consumptionfound.
19:16:24 [Test worker] INFO  c.i.q.f.ApplicationManager$MyListener - Start search By.cssSelector: .fuel_consumption...
19:16:24 [Test worker] INFO  c.i.q.f.ApplicationManager$MyListener - By.cssSelector: .fuel_consumptionfound.
19:16:24 [Test worker] INFO  c.i.q.f.ApplicationManager$MyListener - Start search By.cssSelector: .fuel...
19:16:24 [Test worker] INFO  c.i.q.f.ApplicationManager$MyListener - By.cssSelector: .fuelfound.
19:16:24 [Test worker] INFO  c.i.q.f.ApplicationManager$MyListener - Start search By.cssSelector: .fuel...
19:16:24 [Test worker] INFO  c.i.q.f.ApplicationManager$MyListener - By.cssSelector: .fuelfound.
19:16:24 [Test worker] INFO  c.i.q.f.ApplicationManager$MyListener - Start search By.cssSelector: .fuel...
19:16:24 [Test worker] INFO  c.i.q.f.ApplicationManager$MyListener - By.cssSelector: .fuelfound.
19:16:24 [Test worker] INFO  c.i.q.f.ApplicationManager$MyListener - Start search By.cssSelector: .transmition...
19:16:24 [Test worker] INFO  c.i.q.f.ApplicationManager$MyListener - By.cssSelector: .transmitionfound.
19:16:24 [Test worker] INFO  c.i.q.f.ApplicationManager$MyListener - Start search By.cssSelector: .transmition...
19:16:24 [Test worker] INFO  c.i.q.f.ApplicationManager$MyListener - By.cssSelector: .transmitionfound.
19:16:24 [Test worker] INFO  c.i.q.f.ApplicationManager$MyListener - Start search By.cssSelector: .transmition...
19:16:24 [Test worker] INFO  c.i.q.f.ApplicationManager$MyListener - By.cssSelector: .transmitionfound.
19:16:25 [Test worker] INFO  c.i.q.f.ApplicationManager$MyListener - Start search By.cssSelector: .wd...
19:16:25 [Test worker] INFO  c.i.q.f.ApplicationManager$MyListener - By.cssSelector: .wdfound.
19:16:25 [Test worker] INFO  c.i.q.f.ApplicationManager$MyListener - Start search By.cssSelector: .wd...
19:16:25 [Test worker] INFO  c.i.q.f.ApplicationManager$MyListener - By.cssSelector: .wdfound.
19:16:25 [Test worker] INFO  c.i.q.f.ApplicationManager$MyListener - Start search By.cssSelector: .wd...
19:16:25 [Test worker] INFO  c.i.q.f.ApplicationManager$MyListener - By.cssSelector: .wdfound.
19:16:25 [Test worker] INFO  c.i.q.f.ApplicationManager$MyListener - Start search By.cssSelector: .horsepower...
19:16:25 [Test worker] INFO  c.i.q.f.ApplicationManager$MyListener - By.cssSelector: .horsepowerfound.
19:16:25 [Test worker] INFO  c.i.q.f.ApplicationManager$MyListener - Start search By.cssSelector: .horsepower...
19:16:25 [Test worker] INFO  c.i.q.f.ApplicationManager$MyListener - By.cssSelector: .horsepowerfound.
19:16:25 [Test worker] INFO  c.i.q.f.ApplicationManager$MyListener - Start search By.cssSelector: .horsepower...
19:16:25 [Test worker] INFO  c.i.q.f.ApplicationManager$MyListener - By.cssSelector: .horsepowerfound.
19:16:25 [Test worker] INFO  c.i.q.f.ApplicationManager$MyListener - Start search By.cssSelector: .torque...
19:16:25 [Test worker] INFO  c.i.q.f.ApplicationManager$MyListener - By.cssSelector: .torquefound.
19:16:25 [Test worker] INFO  c.i.q.f.ApplicationManager$MyListener - Start search By.cssSelector: .torque...
19:16:25 [Test worker] INFO  c.i.q.f.ApplicationManager$MyListener - By.cssSelector: .torquefound.
19:16:25 [Test worker] INFO  c.i.q.f.ApplicationManager$MyListener - Start search By.cssSelector: .torque...
19:16:25 [Test worker] INFO  c.i.q.f.ApplicationManager$MyListener - By.cssSelector: .torquefound.
19:16:25 [Test worker] INFO  c.i.q.f.ApplicationManager$MyListener - Start search By.cssSelector: .doors...
19:16:25 [Test worker] INFO  c.i.q.f.ApplicationManager$MyListener - By.cssSelector: .doorsfound.
19:16:25 [Test worker] INFO  c.i.q.f.ApplicationManager$MyListener - Start search By.cssSelector: .doors...
19:16:25 [Test worker] INFO  c.i.q.f.ApplicationManager$MyListener - By.cssSelector: .doorsfound.
19:16:25 [Test worker] INFO  c.i.q.f.ApplicationManager$MyListener - Start search By.cssSelector: .doors...
19:16:25 [Test worker] INFO  c.i.q.f.ApplicationManager$MyListener - By.cssSelector: .doorsfound.
19:16:26 [Test worker] INFO  c.i.q.f.ApplicationManager$MyListener - Start search By.cssSelector: .seats...
19:16:26 [Test worker] INFO  c.i.q.f.ApplicationManager$MyListener - By.cssSelector: .seatsfound.
19:16:26 [Test worker] INFO  c.i.q.f.ApplicationManager$MyListener - Start search By.cssSelector: .seats...
19:16:26 [Test worker] INFO  c.i.q.f.ApplicationManager$MyListener - By.cssSelector: .seatsfound.
19:16:26 [Test worker] INFO  c.i.q.f.ApplicationManager$MyListener - Start search By.cssSelector: .seats...
19:16:26 [Test worker] INFO  c.i.q.f.ApplicationManager$MyListener - By.cssSelector: .seatsfound.
19:16:26 [Test worker] INFO  c.i.q.f.ApplicationManager$MyListener - Start search By.cssSelector: .class...
19:16:26 [Test worker] INFO  c.i.q.f.ApplicationManager$MyListener - By.cssSelector: .classfound.
19:16:26 [Test worker] INFO  c.i.q.f.ApplicationManager$MyListener - Start search By.cssSelector: .class...
19:16:26 [Test worker] INFO  c.i.q.f.ApplicationManager$MyListener - By.cssSelector: .classfound.
19:16:26 [Test worker] INFO  c.i.q.f.ApplicationManager$MyListener - Start search By.cssSelector: .class...
19:16:26 [Test worker] INFO  c.i.q.f.ApplicationManager$MyListener - By.cssSelector: .classfound.
19:16:26 [Test worker] INFO  c.i.q.f.ApplicationManager$MyListener - Start search By.name: about...
19:16:26 [Test worker] INFO  c.i.q.f.ApplicationManager$MyListener - By.name: aboutfound.
19:16:26 [Test worker] INFO  c.i.q.f.ApplicationManager$MyListener - Start search By.name: about...
19:16:26 [Test worker] INFO  c.i.q.f.ApplicationManager$MyListener - By.name: aboutfound.
19:16:26 [Test worker] INFO  c.i.q.f.ApplicationManager$MyListener - Start search By.name: about...
19:16:26 [Test worker] INFO  c.i.q.f.ApplicationManager$MyListener - By.name: aboutfound.
19:16:26 [Test worker] INFO  c.i.q.f.ApplicationManager$MyListener - Start search By.cssSelector: .type_feature...
19:16:26 [Test worker] INFO  c.i.q.f.ApplicationManager$MyListener - By.cssSelector: .type_featurefound.
19:16:26 [Test worker] INFO  c.i.q.f.ApplicationManager$MyListener - Start search By.cssSelector: .type_feature...
19:16:27 [Test worker] INFO  c.i.q.f.ApplicationManager$MyListener - By.cssSelector: .type_featurefound.
19:16:27 [Test worker] INFO  c.i.q.f.ApplicationManager$MyListener - Start search By.cssSelector: .type_feature...
19:16:27 [Test worker] INFO  c.i.q.f.ApplicationManager$MyListener - By.cssSelector: .type_featurefound.
19:16:27 [Test worker] INFO  c.i.q.f.ApplicationManager$MyListener - Start search By.cssSelector: .price...
19:16:27 [Test worker] INFO  c.i.q.f.ApplicationManager$MyListener - By.cssSelector: .pricefound.
19:16:27 [Test worker] INFO  c.i.q.f.ApplicationManager$MyListener - Start search By.cssSelector: .price...
19:16:27 [Test worker] INFO  c.i.q.f.ApplicationManager$MyListener - By.cssSelector: .pricefound.
19:16:27 [Test worker] INFO  c.i.q.f.ApplicationManager$MyListener - Start search By.cssSelector: .price...
19:16:27 [Test worker] INFO  c.i.q.f.ApplicationManager$MyListener - By.cssSelector: .pricefound.
19:16:29 [Test worker] INFO  c.i.q.f.ApplicationManager$MyListener - Start search By.cssSelector: [type='submit']...
19:16:29 [Test worker] INFO  c.i.q.f.ApplicationManager$MyListener - By.cssSelector: [type='submit']found.
19:16:29 [Test worker] INFO  com.ilcarro.qa.tests.TestBase - PASSED: Test method testFormLetTheCarWorkFromDataProvider
19:16:29 [Test worker] INFO  com.ilcarro.qa.tests.TestBase - Stop test 
19:16:29 [Test worker] INFO  com.ilcarro.qa.tests.TestBase - ======================================================================
]]></system-out>
  <system-err><![CDATA[]]></system-err>
</testsuite>
